<?xml version="1.0" encoding="UTF-8"?>
<testsuite xmlns:xsi="http://www.w3.org/2001/XMLSchema-instance" xsi:noNamespaceSchemaLocation="https://maven.apache.org/surefire/maven-surefire-plugin/xsd/surefire-test-report-3.0.xsd" version="3.0" name="com.avmerkez.mallservice.repository.MallRepositoryIntegrationTest" time="7.578" tests="6" errors="0" skipped="0" failures="0">
  <properties>
[...]
</properties>
  <testcase name="givenMallId_whenFindById_thenReturnMall" classname="com.avmerkez.mallservice.repository.MallRepositoryIntegrationTest" time="0.409">
    <system-out><![CDATA[2025-05-04T23:43:29.076+03:00  INFO 22384 --- [mall-service] [           main] t.c.s.AnnotationConfigContextLoaderUtils : Could not detect default configuration classes for test class [com.avmerkez.mallservice.repository.MallRepositoryIntegrationTest]: MallRepositoryIntegrationTest does not declare any static, non-private, non-final, nested classes annotated with @Configuration.
2025-05-04T23:43:29.109+03:00  INFO 22384 --- [mall-service] [           main] .b.t.c.SpringBootTestContextBootstrapper : Found @SpringBootConfiguration com.avmerkez.mallservice.MallServiceApplication for test class com.avmerkez.mallservice.repository.MallRepositoryIntegrationTest
2025-05-04T23:43:29.114+03:00  INFO 22384 --- [mall-service] [           main] tc.postgres:15-alpine                    : Creating container for image: postgres:15-alpine
2025-05-04T23:43:29.486+03:00  INFO 22384 --- [mall-service] [           main] tc.postgres:15-alpine                    : Container postgres:15-alpine is starting: cb2433de1af29ca6395286c0f0abc56844749c035c2b7da099060508bb9bdf38
2025-05-04T23:43:32.518+03:00  INFO 22384 --- [mall-service] [           main] tc.postgres:15-alpine                    : Container postgres:15-alpine started in PT3.4043837S
2025-05-04T23:43:32.519+03:00  INFO 22384 --- [mall-service] [           main] tc.postgres:15-alpine                    : Container is started (JDBC URL: jdbc:postgresql://localhost:63993/test?loggerLevel=OFF)
2025-05-04T23:43:33.227+03:00  INFO 22384 --- [mall-service] [           main] o.s.c.c.c.ConfigServerConfigDataLoader   : Fetching config from server at : http://localhost:8888
2025-05-04T23:43:33.227+03:00  INFO 22384 --- [mall-service] [           main] o.s.c.c.c.ConfigServerConfigDataLoader   : Located environment: name=mall-service, profiles=[default], label=main, version=384f78c7757a7e57a911883393397e4aa6ddc88c, state=null

  .   ____          _            __ _ _
 /\\ / ___'_ __ _ _(_)_ __  __ _ \ \ \ \
( ( )\___ | '_ | '_| | '_ \/ _` | \ \ \ \
 \\/  ___)| |_)| | | | | || (_| |  ) ) ) )
  '  |____| .__|_| |_|_| |_\__, | / / / /
 =========|_|==============|___/=/_/_/_/
 :: Spring Boot ::                (v3.2.5)

2025-05-04T23:43:33.886+03:00  INFO 22384 --- [mall-service] [           main] c.c.c.ConfigServicePropertySourceLocator : Fetching config from server at : http://localhost:8888
2025-05-04T23:43:33.886+03:00 DEBUG 22384 --- [mall-service] [           main] o.s.web.client.RestTemplate              : HTTP GET http://localhost:8888/mall-service/default/main
2025-05-04T23:43:33.888+03:00 DEBUG 22384 --- [mall-service] [           main] o.s.web.client.RestTemplate              : Accept=[application/json, application/*+json]
2025-05-04T23:43:34.462+03:00 DEBUG 22384 --- [mall-service] [           main] o.s.web.client.RestTemplate              : Response 200 OK
2025-05-04T23:43:34.462+03:00 DEBUG 22384 --- [mall-service] [           main] o.s.web.client.RestTemplate              : Reading to [org.springframework.cloud.config.environment.Environment]
2025-05-04T23:43:34.463+03:00  INFO 22384 --- [mall-service] [           main] c.c.c.ConfigServicePropertySourceLocator : Located environment: name=mall-service, profiles=[default], label=main, version=384f78c7757a7e57a911883393397e4aa6ddc88c, state=null
2025-05-04T23:43:34.463+03:00  INFO 22384 --- [mall-service] [           main] b.c.PropertySourceBootstrapConfiguration : Located property source: [BootstrapPropertySource {name='bootstrapProperties-configClient'}, BootstrapPropertySource {name='bootstrapProperties-https://github.com/kcguran/avmerkez-config-repo.git/mall-service.yml'}, BootstrapPropertySource {name='bootstrapProperties-https://github.com/kcguran/avmerkez-config-repo.git/application.yml'}]
2025-05-04T23:43:34.470+03:00  INFO 22384 --- [mall-service] [           main] c.a.m.r.MallRepositoryIntegrationTest    : No active profile set, falling back to 1 default profile: "default"
2025-05-04T23:43:34.471+03:00  INFO 22384 --- [mall-service] [           main] o.s.c.c.c.ConfigServerConfigDataLoader   : Fetching config from server at : http://localhost:8888
2025-05-04T23:43:34.471+03:00  INFO 22384 --- [mall-service] [           main] o.s.c.c.c.ConfigServerConfigDataLoader   : Located environment: name=mall-service, profiles=[default], label=main, version=384f78c7757a7e57a911883393397e4aa6ddc88c, state=null
2025-05-04T23:43:34.551+03:00  INFO 22384 --- [mall-service] [           main] .s.d.r.c.RepositoryConfigurationDelegate : Bootstrapping Spring Data JPA repositories in DEFAULT mode.
2025-05-04T23:43:34.566+03:00  INFO 22384 --- [mall-service] [           main] .s.d.r.c.RepositoryConfigurationDelegate : Finished Spring Data repository scanning in 14 ms. Found 1 JPA repository interface.
2025-05-04T23:43:34.610+03:00  INFO 22384 --- [mall-service] [           main] com.zaxxer.hikari.HikariDataSource       : HikariPool-10 - Starting...
2025-05-04T23:43:34.713+03:00  INFO 22384 --- [mall-service] [           main] com.zaxxer.hikari.pool.HikariPool        : HikariPool-10 - Added connection org.postgresql.jdbc.PgConnection@7abb68e6
2025-05-04T23:43:34.713+03:00  INFO 22384 --- [mall-service] [           main] com.zaxxer.hikari.HikariDataSource       : HikariPool-10 - Start completed.
2025-05-04T23:43:34.729+03:00  INFO 22384 --- [mall-service] [           main] org.flywaydb.core.FlywayExecutor         : Database: jdbc:postgresql://localhost:63993/test (PostgreSQL 15.12)
2025-05-04T23:43:34.759+03:00  INFO 22384 --- [mall-service] [           main] o.f.c.i.s.JdbcTableSchemaHistory         : Schema history table "public"."flyway_schema_history" does not exist yet
2025-05-04T23:43:34.761+03:00  INFO 22384 --- [mall-service] [           main] o.f.core.internal.command.DbValidate     : Successfully validated 1 migration (execution time 00:00.010s)
2025-05-04T23:43:34.806+03:00  INFO 22384 --- [mall-service] [           main] o.f.c.i.s.JdbcTableSchemaHistory         : Creating Schema History table "public"."flyway_schema_history" ...
2025-05-04T23:43:34.852+03:00  INFO 22384 --- [mall-service] [           main] o.f.core.internal.command.DbMigrate      : Current version of schema "public": << Empty Schema >>
2025-05-04T23:43:34.859+03:00  INFO 22384 --- [mall-service] [           main] o.f.core.internal.command.DbMigrate      : Migrating schema "public" to version "1 - create malls table"
2025-05-04T23:43:34.895+03:00  INFO 22384 --- [mall-service] [           main] o.f.core.internal.command.DbMigrate      : Successfully applied 1 migration to schema "public", now at version v1 (execution time 00:00.016s)
2025-05-04T23:43:34.913+03:00  INFO 22384 --- [mall-service] [           main] o.hibernate.jpa.internal.util.LogHelper  : HHH000204: Processing PersistenceUnitInfo [name: default]
2025-05-04T23:43:34.916+03:00  INFO 22384 --- [mall-service] [           main] o.h.c.internal.RegionFactoryInitiator    : HHH000026: Second-level cache disabled
2025-05-04T23:43:34.923+03:00  INFO 22384 --- [mall-service] [           main] o.s.o.j.p.SpringPersistenceUnitInfo      : No LoadTimeWeaver setup: ignoring JPA class transformer
2025-05-04T23:43:34.931+03:00  WARN 22384 --- [mall-service] [           main] org.hibernate.orm.deprecation            : HHH90000025: PostgreSQLDialect does not need to be specified explicitly using 'hibernate.dialect' (remove the property setting and it will be selected by default)
2025-05-04T23:43:34.982+03:00  INFO 22384 --- [mall-service] [           main] o.h.e.t.j.p.i.JtaPlatformInitiator       : HHH000489: No JTA platform available (set 'hibernate.transaction.jta.platform' to enable JTA platform integration)
Hibernate: 
    drop table if exists malls cascade
Hibernate: 
    create table malls (
        id bigserial not null,
        city varchar(50) not null,
        district varchar(50) not null,
        name varchar(100) not null,
        address varchar(255) not null,
        primary key (id)
    )
2025-05-04T23:43:35.014+03:00  INFO 22384 --- [mall-service] [           main] j.LocalContainerEntityManagerFactoryBean : Initialized JPA EntityManagerFactory for persistence unit 'default'
2025-05-04T23:43:35.043+03:00  INFO 22384 --- [mall-service] [           main] c.a.m.r.MallRepositoryIntegrationTest    : Started MallRepositoryIntegrationTest in 2.516 seconds (process running for 68.256)
Hibernate: 
    select
        m1_0.id,
        m1_0.address,
        m1_0.city,
        m1_0.district,
        m1_0.name 
    from
        malls m1_0
Hibernate: 
    insert 
    into
        malls
        (address, city, district, name) 
    values
        (?, ?, ?, ?)
Hibernate: 
    insert 
    into
        malls
        (address, city, district, name) 
    values
        (?, ?, ?, ?)
]]></system-out>
  </testcase>
  <testcase name="givenMallId_whenDelete_thenMallShouldBeDeleted" classname="com.avmerkez.mallservice.repository.MallRepositoryIntegrationTest" time="0.399">
    <system-out><![CDATA[Hibernate: 
    select
        m1_0.id,
        m1_0.address,
        m1_0.city,
        m1_0.district,
        m1_0.name 
    from
        malls m1_0
Hibernate: 
    insert 
    into
        malls
        (address, city, district, name) 
    values
        (?, ?, ?, ?)
Hibernate: 
    insert 
    into
        malls
        (address, city, district, name) 
    values
        (?, ?, ?, ?)
Hibernate: 
    delete 
    from
        malls 
    where
        id=?
Hibernate: 
    select
        count(*) 
    from
        malls m1_0
]]></system-out>
  </testcase>
  <testcase name="givenMallObject_whenSave_thenReturnSavedMall" classname="com.avmerkez.mallservice.repository.MallRepositoryIntegrationTest" time="0.031">
    <system-out><![CDATA[Hibernate: 
    select
        m1_0.id,
        m1_0.address,
        m1_0.city,
        m1_0.district,
        m1_0.name 
    from
        malls m1_0
Hibernate: 
    insert 
    into
        malls
        (address, city, district, name) 
    values
        (?, ?, ?, ?)
Hibernate: 
    insert 
    into
        malls
        (address, city, district, name) 
    values
        (?, ?, ?, ?)
Hibernate: 
    insert 
    into
        malls
        (address, city, district, name) 
    values
        (?, ?, ?, ?)
]]></system-out>
  </testcase>
  <testcase name="givenMallObject_whenUpdate_thenReturnUpdatedMall" classname="com.avmerkez.mallservice.repository.MallRepositoryIntegrationTest" time="0.027">
    <system-out><![CDATA[Hibernate: 
    select
        m1_0.id,
        m1_0.address,
        m1_0.city,
        m1_0.district,
        m1_0.name 
    from
        malls m1_0
Hibernate: 
    insert 
    into
        malls
        (address, city, district, name) 
    values
        (?, ?, ?, ?)
Hibernate: 
    insert 
    into
        malls
        (address, city, district, name) 
    values
        (?, ?, ?, ?)
]]></system-out>
  </testcase>
  <testcase name="givenNonExistentMallId_whenFindById_thenReturnEmptyOptional" classname="com.avmerkez.mallservice.repository.MallRepositoryIntegrationTest" time="0.041">
    <system-out><![CDATA[Hibernate: 
    select
        m1_0.id,
        m1_0.address,
        m1_0.city,
        m1_0.district,
        m1_0.name 
    from
        malls m1_0
Hibernate: 
    insert 
    into
        malls
        (address, city, district, name) 
    values
        (?, ?, ?, ?)
Hibernate: 
    insert 
    into
        malls
        (address, city, district, name) 
    values
        (?, ?, ?, ?)
Hibernate: 
    select
        m1_0.id,
        m1_0.address,
        m1_0.city,
        m1_0.district,
        m1_0.name 
    from
        malls m1_0 
    where
        m1_0.id=?
]]></system-out>
  </testcase>
  <testcase name="givenMallsExist_whenFindAll_thenReturnListOfMalls" classname="com.avmerkez.mallservice.repository.MallRepositoryIntegrationTest" time="0.084">
    <system-out><![CDATA[Hibernate: 
    select
        m1_0.id,
        m1_0.address,
        m1_0.city,
        m1_0.district,
        m1_0.name 
    from
        malls m1_0
Hibernate: 
    insert 
    into
        malls
        (address, city, district, name) 
    values
        (?, ?, ?, ?)
Hibernate: 
    insert 
    into
        malls
        (address, city, district, name) 
    values
        (?, ?, ?, ?)
Hibernate: 
    select
        m1_0.id,
        m1_0.address,
        m1_0.city,
        m1_0.district,
        m1_0.name 
    from
        malls m1_0
]]></system-out>
  </testcase>
</testsuite>