<?xml version="1.0" encoding="UTF-8"?>
<testsuite xmlns:xsi="http://www.w3.org/2001/XMLSchema-instance" xsi:noNamespaceSchemaLocation="https://maven.apache.org/surefire/maven-surefire-plugin/xsd/surefire-test-report-3.0.xsd" version="3.0" name="com.avmerkez.mallservice.controller.MallControllerIntegrationTest" time="61.324" tests="9" errors="0" skipped="0" failures="0">
  <properties>
[...]
</properties>
  <testcase name="updateMall_ShouldReturnNotFound_WhenIdDoesNotExist" classname="com.avmerkez.mallservice.controller.MallControllerIntegrationTest" time="0.436">
    <system-out><![CDATA[23:42:28.014 [main] INFO org.springframework.test.context.support.AnnotationConfigContextLoaderUtils -- Could not detect default configuration classes for test class [com.avmerkez.mallservice.controller.MallControllerIntegrationTest]: MallControllerIntegrationTest does not declare any static, non-private, non-final, nested classes annotated with @Configuration.
23:42:28.305 [main] INFO org.springframework.boot.test.context.SpringBootTestContextBootstrapper -- Found @SpringBootConfiguration com.avmerkez.mallservice.MallServiceApplication for test class com.avmerkez.mallservice.controller.MallControllerIntegrationTest
23:42:28.648 [main] INFO org.testcontainers.images.PullPolicy -- Image pull policy will be performed by: DefaultPullPolicy()
23:42:28.652 [main] INFO org.testcontainers.utility.ImageNameSubstitutor -- Image name substitution will be performed by: DefaultImageNameSubstitutor (composite of 'ConfigurationFileImageNameSubstitutor' and 'PrefixingImageNameSubstitutor')
23:42:29.100 [main] INFO org.testcontainers.dockerclient.DockerClientProviderStrategy -- Loaded org.testcontainers.dockerclient.NpipeSocketClientProviderStrategy from ~/.testcontainers.properties, will try it first
23:42:29.619 [main] INFO org.testcontainers.dockerclient.DockerClientProviderStrategy -- Found Docker environment with local Npipe socket (npipe:////./pipe/docker_engine)
23:42:29.623 [main] INFO org.testcontainers.DockerClientFactory -- Docker host IP address is localhost
23:42:29.655 [main] INFO org.testcontainers.DockerClientFactory -- Connected to docker: 
  Server Version: 24.0.7
  API Version: 1.43
  Operating System: Docker Desktop
  Total Memory: 7926 MB
23:42:29.715 [main] INFO tc.testcontainers/ryuk:0.6.0 -- Creating container for image: testcontainers/ryuk:0.6.0
23:42:30.396 [main] INFO org.testcontainers.utility.RegistryAuthLocator -- Credential helper/store (docker-credential-desktop) does not have credentials for https://index.docker.io/v1/
23:42:30.689 [main] INFO tc.testcontainers/ryuk:0.6.0 -- Container testcontainers/ryuk:0.6.0 is starting: a07b30ac69177c4131d1d43709e3b88e96a06fd1c944ac6bca29e81f3e437865
23:42:31.387 [main] INFO tc.testcontainers/ryuk:0.6.0 -- Container testcontainers/ryuk:0.6.0 started in PT1.6719455S
23:42:31.400 [main] INFO org.testcontainers.utility.RyukResourceReaper -- Ryuk started - will monitor and terminate Testcontainers containers on JVM exit
23:42:31.401 [main] INFO org.testcontainers.DockerClientFactory -- Checking the system...
23:42:31.401 [main] INFO org.testcontainers.DockerClientFactory -- ✔︎ Docker server version should be at least 1.6.0
23:42:31.402 [main] INFO tc.postgres:15-alpine -- Creating container for image: postgres:15-alpine
23:42:31.556 [main] INFO tc.postgres:15-alpine -- Container postgres:15-alpine is starting: e7e20673ffbd67aa6b9d528b10d94c5d8dd276700e964f79501a1b0b39326f65
23:42:33.888 [main] INFO tc.postgres:15-alpine -- Container postgres:15-alpine started in PT2.4858989S
23:42:33.889 [main] INFO tc.postgres:15-alpine -- Container is started (JDBC URL: jdbc:postgresql://localhost:63806/testdb?loggerLevel=OFF)
2025-05-04T23:42:36.831+03:00  INFO 22384 --- [mall-service] [           main] o.s.c.c.c.ConfigServerConfigDataLoader   : Fetching config from server at : http://localhost:8888
2025-05-04T23:42:36.835+03:00  INFO 22384 --- [mall-service] [           main] o.s.c.c.c.ConfigServerConfigDataLoader   : Located environment: name=mall-service, profiles=[default], label=main, version=384f78c7757a7e57a911883393397e4aa6ddc88c, state=null

  .   ____          _            __ _ _
 /\\ / ___'_ __ _ _(_)_ __  __ _ \ \ \ \
( ( )\___ | '_ | '_| | '_ \/ _` | \ \ \ \
 \\/  ___)| |_)| | | | | || (_| |  ) ) ) )
  '  |____| .__|_| |_|_| |_\__, | / / / /
 =========|_|==============|___/=/_/_/_/
 :: Spring Boot ::                (v3.2.5)

2025-05-04T23:42:38.741+03:00  INFO 22384 --- [mall-service] [           main] c.c.c.ConfigServicePropertySourceLocator : Fetching config from server at : http://localhost:8888
2025-05-04T23:42:38.743+03:00 DEBUG 22384 --- [mall-service] [           main] o.s.web.client.RestTemplate              : HTTP GET http://localhost:8888/mall-service/default/main
2025-05-04T23:42:38.750+03:00 DEBUG 22384 --- [mall-service] [           main] o.s.web.client.RestTemplate              : Accept=[application/json, application/*+json]
2025-05-04T23:42:39.532+03:00 DEBUG 22384 --- [mall-service] [           main] o.s.web.client.RestTemplate              : Response 200 OK
2025-05-04T23:42:39.533+03:00 DEBUG 22384 --- [mall-service] [           main] o.s.web.client.RestTemplate              : Reading to [org.springframework.cloud.config.environment.Environment]
2025-05-04T23:42:39.534+03:00  INFO 22384 --- [mall-service] [           main] c.c.c.ConfigServicePropertySourceLocator : Located environment: name=mall-service, profiles=[default], label=main, version=384f78c7757a7e57a911883393397e4aa6ddc88c, state=null
2025-05-04T23:42:39.535+03:00  INFO 22384 --- [mall-service] [           main] b.c.PropertySourceBootstrapConfiguration : Located property source: [BootstrapPropertySource {name='bootstrapProperties-configClient'}, BootstrapPropertySource {name='bootstrapProperties-https://github.com/kcguran/avmerkez-config-repo.git/mall-service.yml'}, BootstrapPropertySource {name='bootstrapProperties-https://github.com/kcguran/avmerkez-config-repo.git/application.yml'}]
2025-05-04T23:42:39.569+03:00  INFO 22384 --- [mall-service] [           main] c.a.m.c.MallControllerIntegrationTest    : No active profile set, falling back to 1 default profile: "default"
2025-05-04T23:42:39.578+03:00  INFO 22384 --- [mall-service] [           main] o.s.c.c.c.ConfigServerConfigDataLoader   : Fetching config from server at : http://localhost:8888
2025-05-04T23:42:39.578+03:00  INFO 22384 --- [mall-service] [           main] o.s.c.c.c.ConfigServerConfigDataLoader   : Located environment: name=mall-service, profiles=[default], label=main, version=384f78c7757a7e57a911883393397e4aa6ddc88c, state=null
2025-05-04T23:42:39.578+03:00 DEBUG 22384 --- [mall-service] [           main] o.s.w.c.s.GenericWebApplicationContext   : Refreshing org.springframework.web.context.support.GenericWebApplicationContext@28b458e6
2025-05-04T23:42:42.047+03:00  INFO 22384 --- [mall-service] [           main] .s.d.r.c.RepositoryConfigurationDelegate : Bootstrapping Spring Data JPA repositories in DEFAULT mode.
2025-05-04T23:42:42.337+03:00  INFO 22384 --- [mall-service] [           main] .s.d.r.c.RepositoryConfigurationDelegate : Finished Spring Data repository scanning in 278 ms. Found 1 JPA repository interface.
2025-05-04T23:42:42.872+03:00  INFO 22384 --- [mall-service] [           main] o.s.cloud.context.scope.GenericScope     : BeanFactory id=1e136faa-8b43-33c6-bdfb-c464e3eb48bb
2025-05-04T23:42:44.713+03:00  WARN 22384 --- [mall-service] [           main] trationDelegate$BeanPostProcessorChecker : Bean 'org.springframework.cloud.client.loadbalancer.LoadBalancerAutoConfiguration$DeferringLoadBalancerInterceptorConfig' of type [org.springframework.cloud.client.loadbalancer.LoadBalancerAutoConfiguration$DeferringLoadBalancerInterceptorConfig] is not eligible for getting processed by all BeanPostProcessors (for example: not eligible for auto-proxying). The currently created BeanPostProcessor [lbRestClientPostProcessor] is declared through a non-static factory method on that class; consider declaring it as static instead.
2025-05-04T23:42:44.717+03:00  WARN 22384 --- [mall-service] [           main] trationDelegate$BeanPostProcessorChecker : Bean 'deferringLoadBalancerInterceptor' of type [org.springframework.cloud.client.loadbalancer.DeferringLoadBalancerInterceptor] is not eligible for getting processed by all BeanPostProcessors (for example: not eligible for auto-proxying). Is this bean getting eagerly injected into a currently created BeanPostProcessor [lbRestClientPostProcessor]? Check the corresponding BeanPostProcessor declaration and its dependencies.
2025-05-04T23:42:45.358+03:00  INFO 22384 --- [mall-service] [           main] o.f.c.internal.license.VersionPrinter    : Flyway Community Edition 9.22.3 by Redgate
2025-05-04T23:42:45.358+03:00  INFO 22384 --- [mall-service] [           main] o.f.c.internal.license.VersionPrinter    : See release notes here: https://rd.gt/416ObMi
2025-05-04T23:42:45.359+03:00  INFO 22384 --- [mall-service] [           main] o.f.c.internal.license.VersionPrinter    : 
2025-05-04T23:42:45.543+03:00  INFO 22384 --- [mall-service] [           main] org.flywaydb.core.FlywayExecutor         : Database: jdbc:postgresql://localhost:63806/testdb (PostgreSQL 15.12)
2025-05-04T23:42:45.645+03:00  INFO 22384 --- [mall-service] [           main] o.f.c.i.s.JdbcTableSchemaHistory         : Schema history table "public"."flyway_schema_history" does not exist yet
2025-05-04T23:42:45.655+03:00  INFO 22384 --- [mall-service] [           main] o.f.core.internal.command.DbValidate     : Successfully validated 1 migration (execution time 00:00.046s)
2025-05-04T23:42:45.684+03:00  INFO 22384 --- [mall-service] [           main] o.f.c.i.s.JdbcTableSchemaHistory         : Creating Schema History table "public"."flyway_schema_history" ...
2025-05-04T23:42:45.801+03:00  INFO 22384 --- [mall-service] [           main] o.f.core.internal.command.DbMigrate      : Current version of schema "public": << Empty Schema >>
2025-05-04T23:42:45.812+03:00  INFO 22384 --- [mall-service] [           main] o.f.core.internal.command.DbMigrate      : Migrating schema "public" to version "1 - create malls table"
2025-05-04T23:42:45.856+03:00  INFO 22384 --- [mall-service] [           main] o.f.core.internal.command.DbMigrate      : Successfully applied 1 migration to schema "public", now at version v1 (execution time 00:00.022s)
2025-05-04T23:42:46.133+03:00  INFO 22384 --- [mall-service] [           main] o.hibernate.jpa.internal.util.LogHelper  : HHH000204: Processing PersistenceUnitInfo [name: default]
2025-05-04T23:42:46.318+03:00  INFO 22384 --- [mall-service] [           main] org.hibernate.Version                    : HHH000412: Hibernate ORM core version 6.4.4.Final
2025-05-04T23:42:46.372+03:00  INFO 22384 --- [mall-service] [           main] o.h.c.internal.RegionFactoryInitiator    : HHH000026: Second-level cache disabled
2025-05-04T23:42:46.521+03:00  INFO 22384 --- [mall-service] [           main] o.s.o.j.p.SpringPersistenceUnitInfo      : No LoadTimeWeaver setup: ignoring JPA class transformer
2025-05-04T23:42:46.555+03:00  INFO 22384 --- [mall-service] [           main] com.zaxxer.hikari.HikariDataSource       : HikariPool-1 - Starting...
2025-05-04T23:42:46.594+03:00  INFO 22384 --- [mall-service] [           main] com.zaxxer.hikari.pool.HikariPool        : HikariPool-1 - Added connection org.postgresql.jdbc.PgConnection@4fdea2de
2025-05-04T23:42:46.596+03:00  INFO 22384 --- [mall-service] [           main] com.zaxxer.hikari.HikariDataSource       : HikariPool-1 - Start completed.
2025-05-04T23:42:46.635+03:00  WARN 22384 --- [mall-service] [           main] org.hibernate.orm.deprecation            : HHH90000025: PostgreSQLDialect does not need to be specified explicitly using 'hibernate.dialect' (remove the property setting and it will be selected by default)
2025-05-04T23:42:47.652+03:00  INFO 22384 --- [mall-service] [           main] o.h.e.t.j.p.i.JtaPlatformInitiator       : HHH000489: No JTA platform available (set 'hibernate.transaction.jta.platform' to enable JTA platform integration)
2025-05-04T23:42:47.730+03:00  INFO 22384 --- [mall-service] [           main] j.LocalContainerEntityManagerFactoryBean : Initialized JPA EntityManagerFactory for persistence unit 'default'
2025-05-04T23:42:48.122+03:00  WARN 22384 --- [mall-service] [           main] JpaBaseConfiguration$JpaWebConfiguration : spring.jpa.open-in-view is enabled by default. Therefore, database queries may be performed during view rendering. Explicitly configure spring.jpa.open-in-view to disable this warning
2025-05-04T23:42:48.346+03:00  WARN 22384 --- [mall-service] [           main] .s.s.UserDetailsServiceAutoConfiguration : 

Using generated security password: 10823a39-7302-4dfe-adcc-ff4488ff9dd1

This generated password is for development use only. Your security configuration must be updated before running your application in production.

2025-05-04T23:42:48.971+03:00 DEBUG 22384 --- [mall-service] [           main] s.w.s.m.m.a.RequestMappingHandlerMapping : 11 mappings in 'requestMappingHandlerMapping'
2025-05-04T23:42:49.370+03:00 DEBUG 22384 --- [mall-service] [           main] o.s.w.s.handler.SimpleUrlHandlerMapping  : Patterns [/webjars/**, /**, /swagger-ui*/*swagger-initializer.js, /swagger-ui*/**] in 'resourceHandlerMapping'
2025-05-04T23:42:50.313+03:00  INFO 22384 --- [mall-service] [           main] o.s.b.a.e.web.EndpointLinksResolver      : Exposing 5 endpoint(s) beneath base path '/actuator'
2025-05-04T23:42:50.545+03:00  INFO 22384 --- [mall-service] [           main] o.s.s.web.DefaultSecurityFilterChain     : Will secure any request with [org.springframework.security.web.session.DisableEncodeUrlFilter@24a6655d, org.springframework.security.web.context.request.async.WebAsyncManagerIntegrationFilter@229d5d14, org.springframework.security.web.context.SecurityContextHolderFilter@2165828d, org.springframework.security.web.header.HeaderWriterFilter@5cf4023d, org.springframework.web.filter.CorsFilter@40957c86, org.springframework.security.web.authentication.logout.LogoutFilter@7b9866c6, org.springframework.security.web.savedrequest.RequestCacheAwareFilter@5d73aa0e, org.springframework.security.web.servletapi.SecurityContextHolderAwareRequestFilter@5fc444d0, org.springframework.security.web.authentication.AnonymousAuthenticationFilter@603520f3, org.springframework.security.web.session.SessionManagementFilter@27e037c1, org.springframework.security.web.access.ExceptionTranslationFilter@58bf45ca, org.springframework.security.web.access.intercept.AuthorizationFilter@3982fdf7]
2025-05-04T23:42:51.227+03:00 DEBUG 22384 --- [mall-service] [           main] s.w.s.m.m.a.RequestMappingHandlerAdapter : ControllerAdvice beans: 0 @ModelAttribute, 0 @InitBinder, 1 RequestBodyAdvice, 1 ResponseBodyAdvice
2025-05-04T23:42:51.303+03:00 DEBUG 22384 --- [mall-service] [           main] .m.m.a.ExceptionHandlerExceptionResolver : ControllerAdvice beans: 2 @ExceptionHandler, 1 ResponseBodyAdvice
2025-05-04T23:42:52.875+03:00 DEBUG 22384 --- [mall-service] [           main] o.s.w.f.ServerHttpObservationFilter      : Filter 'webMvcObservationFilter' configured for use
2025-05-04T23:42:52.877+03:00  INFO 22384 --- [mall-service] [           main] o.s.b.t.m.w.SpringBootMockServletContext : Initializing Spring TestDispatcherServlet ''
2025-05-04T23:42:52.877+03:00  INFO 22384 --- [mall-service] [           main] o.s.t.web.servlet.TestDispatcherServlet  : Initializing Servlet ''
2025-05-04T23:42:52.879+03:00  INFO 22384 --- [mall-service] [           main] o.s.t.web.servlet.TestDispatcherServlet  : Completed initialization in 2 ms
2025-05-04T23:42:52.971+03:00  INFO 22384 --- [mall-service] [           main] DiscoveryClientOptionalArgsConfiguration : Eureka HTTP Client uses RestTemplate.
2025-05-04T23:42:53.082+03:00  WARN 22384 --- [mall-service] [           main] iguration$LoadBalancerCaffeineWarnLogger : Spring Cloud LoadBalancer is currently working with the default cache. While this cache implementation is useful for development and tests, it's recommended to use Caffeine cache in production.You can switch to using Caffeine cache, by adding it and org.springframework.cache.caffeine.CaffeineCacheManager to the classpath.
2025-05-04T23:42:53.224+03:00  INFO 22384 --- [mall-service] [           main] c.a.m.c.MallControllerIntegrationTest    : Started MallControllerIntegrationTest in 19.268 seconds (process running for 26.437)
2025-05-04T23:42:53.579+03:00 DEBUG 22384 --- [mall-service] [           main] o.s.security.web.FilterChainProxy        : Securing PUT /malls/99
2025-05-04T23:42:53.598+03:00 DEBUG 22384 --- [mall-service] [           main] o.s.s.w.a.AnonymousAuthenticationFilter  : Set SecurityContextHolder to anonymous SecurityContext
2025-05-04T23:42:53.606+03:00 DEBUG 22384 --- [mall-service] [           main] o.s.security.web.FilterChainProxy        : Secured PUT /malls/99
2025-05-04T23:42:53.613+03:00 DEBUG 22384 --- [mall-service] [           main] s.w.s.m.m.a.RequestMappingHandlerMapping : Mapped to com.avmerkez.mallservice.controller.MallController#updateMall(Long, UpdateMallRequest)
2025-05-04T23:42:53.650+03:00 DEBUG 22384 --- [mall-service] [           main] m.m.a.RequestResponseBodyMethodProcessor : Read "application/json;charset=UTF-8" to [UpdateMallRequest(name=Updated Mall, address=Updated Address, city=Updated City, district=Updated Di (truncated)...]
2025-05-04T23:42:53.728+03:00 DEBUG 22384 --- [mall-service] [           main] .m.m.a.ExceptionHandlerExceptionResolver : Using @ExceptionHandler com.avmerkez.mallservice.exception.GlobalExceptionHandler#handleResourceNotFoundException(ResourceNotFoundException, WebRequest)
2025-05-04T23:42:53.738+03:00 DEBUG 22384 --- [mall-service] [           main] o.s.w.s.m.m.a.HttpEntityMethodProcessor  : Using 'application/json', given [*/*] and supported [application/json, application/*+json]
2025-05-04T23:42:53.738+03:00 DEBUG 22384 --- [mall-service] [           main] o.s.w.s.m.m.a.HttpEntityMethodProcessor  : Writing [{path=/malls/99, message=Mall not found with id : '99', error=Not Found, timestamp=2025-05-04T23:42: (truncated)...]
2025-05-04T23:42:53.753+03:00 DEBUG 22384 --- [mall-service] [           main] .m.m.a.ExceptionHandlerExceptionResolver : Resolved [com.avmerkez.mallservice.exception.ResourceNotFoundException: Mall not found with id : '99']
2025-05-04T23:42:53.780+03:00 DEBUG 22384 --- [mall-service] [           main] o.s.w.c.s.GenericWebApplicationContext   : Closing org.springframework.web.context.support.GenericWebApplicationContext@28b458e6, started on Sun May 04 23:42:39 GMT+03:00 2025, parent: org.springframework.context.annotation.AnnotationConfigApplicationContext@6f930e0
2025-05-04T23:42:53.793+03:00  INFO 22384 --- [mall-service] [           main] o.s.c.n.eureka.InstanceInfoFactory       : Setting initial instance status as: STARTING
2025-05-04T23:42:53.795+03:00  INFO 22384 --- [mall-service] [           main] o.s.c.n.e.s.EurekaServiceRegistry        : Unregistering application MALL-SERVICE with eureka with status DOWN
2025-05-04T23:42:53.807+03:00  INFO 22384 --- [mall-service] [           main] j.LocalContainerEntityManagerFactoryBean : Closing JPA EntityManagerFactory for persistence unit 'default'
2025-05-04T23:42:53.812+03:00  INFO 22384 --- [mall-service] [           main] com.zaxxer.hikari.HikariDataSource       : HikariPool-1 - Shutdown initiated...
2025-05-04T23:42:53.822+03:00  INFO 22384 --- [mall-service] [           main] com.zaxxer.hikari.HikariDataSource       : HikariPool-1 - Shutdown completed.
]]></system-out>
    <system-err><![CDATA[WARNING: A Java agent has been loaded dynamically (C:\Users\kerem\.m2\repository\net\bytebuddy\byte-buddy-agent\1.14.13\byte-buddy-agent-1.14.13.jar)
WARNING: If a serviceability tool is in use, please run with -XX:+EnableDynamicAgentLoading to hide this warning
WARNING: If a serviceability tool is not in use, please run with -Djdk.instrument.traceUsage for more information
WARNING: Dynamic loading of agents will be disallowed by default in a future release
]]></system-err>
  </testcase>
  <testcase name="deleteMall_ShouldReturnNoContent_WhenIdExists" classname="com.avmerkez.mallservice.controller.MallControllerIntegrationTest" time="0.098">
    <system-out><![CDATA[2025-05-04T23:42:54.699+03:00  INFO 22384 --- [mall-service] [           main] o.s.c.c.c.ConfigServerConfigDataLoader   : Fetching config from server at : http://localhost:8888
2025-05-04T23:42:54.699+03:00  INFO 22384 --- [mall-service] [           main] o.s.c.c.c.ConfigServerConfigDataLoader   : Located environment: name=mall-service, profiles=[default], label=main, version=384f78c7757a7e57a911883393397e4aa6ddc88c, state=null

  .   ____          _            __ _ _
 /\\ / ___'_ __ _ _(_)_ __  __ _ \ \ \ \
( ( )\___ | '_ | '_| | '_ \/ _` | \ \ \ \
 \\/  ___)| |_)| | | | | || (_| |  ) ) ) )
  '  |____| .__|_| |_|_| |_\__, | / / / /
 =========|_|==============|___/=/_/_/_/
 :: Spring Boot ::                (v3.2.5)

2025-05-04T23:42:55.459+03:00  INFO 22384 --- [mall-service] [           main] c.c.c.ConfigServicePropertySourceLocator : Fetching config from server at : http://localhost:8888
2025-05-04T23:42:55.459+03:00 DEBUG 22384 --- [mall-service] [           main] o.s.web.client.RestTemplate              : HTTP GET http://localhost:8888/mall-service/default/main
2025-05-04T23:42:55.464+03:00 DEBUG 22384 --- [mall-service] [           main] o.s.web.client.RestTemplate              : Accept=[application/json, application/*+json]
2025-05-04T23:42:56.117+03:00 DEBUG 22384 --- [mall-service] [           main] o.s.web.client.RestTemplate              : Response 200 OK
2025-05-04T23:42:56.117+03:00 DEBUG 22384 --- [mall-service] [           main] o.s.web.client.RestTemplate              : Reading to [org.springframework.cloud.config.environment.Environment]
2025-05-04T23:42:56.118+03:00  INFO 22384 --- [mall-service] [           main] c.c.c.ConfigServicePropertySourceLocator : Located environment: name=mall-service, profiles=[default], label=main, version=384f78c7757a7e57a911883393397e4aa6ddc88c, state=null
2025-05-04T23:42:56.118+03:00  INFO 22384 --- [mall-service] [           main] b.c.PropertySourceBootstrapConfiguration : Located property source: [BootstrapPropertySource {name='bootstrapProperties-configClient'}, BootstrapPropertySource {name='bootstrapProperties-https://github.com/kcguran/avmerkez-config-repo.git/mall-service.yml'}, BootstrapPropertySource {name='bootstrapProperties-https://github.com/kcguran/avmerkez-config-repo.git/application.yml'}]
2025-05-04T23:42:56.127+03:00  INFO 22384 --- [mall-service] [           main] c.a.m.c.MallControllerIntegrationTest    : No active profile set, falling back to 1 default profile: "default"
2025-05-04T23:42:56.130+03:00  INFO 22384 --- [mall-service] [           main] o.s.c.c.c.ConfigServerConfigDataLoader   : Fetching config from server at : http://localhost:8888
2025-05-04T23:42:56.130+03:00  INFO 22384 --- [mall-service] [           main] o.s.c.c.c.ConfigServerConfigDataLoader   : Located environment: name=mall-service, profiles=[default], label=main, version=384f78c7757a7e57a911883393397e4aa6ddc88c, state=null
2025-05-04T23:42:56.130+03:00 DEBUG 22384 --- [mall-service] [           main] o.s.w.c.s.GenericWebApplicationContext   : Refreshing org.springframework.web.context.support.GenericWebApplicationContext@16768389
2025-05-04T23:42:56.793+03:00  INFO 22384 --- [mall-service] [           main] .s.d.r.c.RepositoryConfigurationDelegate : Bootstrapping Spring Data JPA repositories in DEFAULT mode.
2025-05-04T23:42:56.811+03:00  INFO 22384 --- [mall-service] [           main] .s.d.r.c.RepositoryConfigurationDelegate : Finished Spring Data repository scanning in 17 ms. Found 1 JPA repository interface.
2025-05-04T23:42:56.981+03:00  INFO 22384 --- [mall-service] [           main] o.s.cloud.context.scope.GenericScope     : BeanFactory id=1e136faa-8b43-33c6-bdfb-c464e3eb48bb
2025-05-04T23:42:57.113+03:00  WARN 22384 --- [mall-service] [           main] trationDelegate$BeanPostProcessorChecker : Bean 'org.springframework.cloud.client.loadbalancer.LoadBalancerAutoConfiguration$DeferringLoadBalancerInterceptorConfig' of type [org.springframework.cloud.client.loadbalancer.LoadBalancerAutoConfiguration$DeferringLoadBalancerInterceptorConfig] is not eligible for getting processed by all BeanPostProcessors (for example: not eligible for auto-proxying). The currently created BeanPostProcessor [lbRestClientPostProcessor] is declared through a non-static factory method on that class; consider declaring it as static instead.
2025-05-04T23:42:57.115+03:00  WARN 22384 --- [mall-service] [           main] trationDelegate$BeanPostProcessorChecker : Bean 'deferringLoadBalancerInterceptor' of type [org.springframework.cloud.client.loadbalancer.DeferringLoadBalancerInterceptor] is not eligible for getting processed by all BeanPostProcessors (for example: not eligible for auto-proxying). Is this bean getting eagerly injected into a currently created BeanPostProcessor [lbRestClientPostProcessor]? Check the corresponding BeanPostProcessor declaration and its dependencies.
2025-05-04T23:42:57.262+03:00  INFO 22384 --- [mall-service] [           main] org.flywaydb.core.FlywayExecutor         : Database: jdbc:postgresql://localhost:63806/testdb (PostgreSQL 15.12)
2025-05-04T23:42:57.285+03:00  INFO 22384 --- [mall-service] [           main] o.f.core.internal.command.DbValidate     : Successfully validated 1 migration (execution time 00:00.010s)
2025-05-04T23:42:57.315+03:00  INFO 22384 --- [mall-service] [           main] o.f.core.internal.command.DbMigrate      : Current version of schema "public": 1
2025-05-04T23:42:57.316+03:00  INFO 22384 --- [mall-service] [           main] o.f.core.internal.command.DbMigrate      : Schema "public" is up to date. No migration necessary.
2025-05-04T23:42:57.356+03:00  INFO 22384 --- [mall-service] [           main] o.hibernate.jpa.internal.util.LogHelper  : HHH000204: Processing PersistenceUnitInfo [name: default]
2025-05-04T23:42:57.359+03:00  INFO 22384 --- [mall-service] [           main] o.h.c.internal.RegionFactoryInitiator    : HHH000026: Second-level cache disabled
2025-05-04T23:42:57.367+03:00  INFO 22384 --- [mall-service] [           main] o.s.o.j.p.SpringPersistenceUnitInfo      : No LoadTimeWeaver setup: ignoring JPA class transformer
2025-05-04T23:42:57.368+03:00  INFO 22384 --- [mall-service] [           main] com.zaxxer.hikari.HikariDataSource       : HikariPool-2 - Starting...
2025-05-04T23:42:57.394+03:00  INFO 22384 --- [mall-service] [           main] com.zaxxer.hikari.pool.HikariPool        : HikariPool-2 - Added connection org.postgresql.jdbc.PgConnection@f35f81d
2025-05-04T23:42:57.394+03:00  INFO 22384 --- [mall-service] [           main] com.zaxxer.hikari.HikariDataSource       : HikariPool-2 - Start completed.
2025-05-04T23:42:57.398+03:00  WARN 22384 --- [mall-service] [           main] org.hibernate.orm.deprecation            : HHH90000025: PostgreSQLDialect does not need to be specified explicitly using 'hibernate.dialect' (remove the property setting and it will be selected by default)
2025-05-04T23:42:57.470+03:00  INFO 22384 --- [mall-service] [           main] o.h.e.t.j.p.i.JtaPlatformInitiator       : HHH000489: No JTA platform available (set 'hibernate.transaction.jta.platform' to enable JTA platform integration)
2025-05-04T23:42:57.494+03:00  INFO 22384 --- [mall-service] [           main] j.LocalContainerEntityManagerFactoryBean : Initialized JPA EntityManagerFactory for persistence unit 'default'
2025-05-04T23:42:57.597+03:00  WARN 22384 --- [mall-service] [           main] JpaBaseConfiguration$JpaWebConfiguration : spring.jpa.open-in-view is enabled by default. Therefore, database queries may be performed during view rendering. Explicitly configure spring.jpa.open-in-view to disable this warning
2025-05-04T23:42:57.753+03:00  WARN 22384 --- [mall-service] [           main] .s.s.UserDetailsServiceAutoConfiguration : 

Using generated security password: 152a8b8a-f89f-4405-9753-5c3a56a80041

This generated password is for development use only. Your security configuration must be updated before running your application in production.

2025-05-04T23:42:57.855+03:00 DEBUG 22384 --- [mall-service] [           main] s.w.s.m.m.a.RequestMappingHandlerMapping : 11 mappings in 'requestMappingHandlerMapping'
2025-05-04T23:42:57.932+03:00 DEBUG 22384 --- [mall-service] [           main] o.s.w.s.handler.SimpleUrlHandlerMapping  : Patterns [/webjars/**, /**, /swagger-ui*/*swagger-initializer.js, /swagger-ui*/**] in 'resourceHandlerMapping'
2025-05-04T23:42:58.121+03:00  INFO 22384 --- [mall-service] [           main] o.s.b.a.e.web.EndpointLinksResolver      : Exposing 5 endpoint(s) beneath base path '/actuator'
2025-05-04T23:42:58.159+03:00  INFO 22384 --- [mall-service] [           main] o.s.s.web.DefaultSecurityFilterChain     : Will secure any request with [org.springframework.security.web.session.DisableEncodeUrlFilter@49c930d5, org.springframework.security.web.context.request.async.WebAsyncManagerIntegrationFilter@4906fbd0, org.springframework.security.web.context.SecurityContextHolderFilter@4f5e191e, org.springframework.security.web.header.HeaderWriterFilter@73c425d3, org.springframework.web.filter.CorsFilter@6061d185, org.springframework.security.web.authentication.logout.LogoutFilter@355bffcf, org.springframework.security.web.savedrequest.RequestCacheAwareFilter@7d49efaf, org.springframework.security.web.servletapi.SecurityContextHolderAwareRequestFilter@7c060680, org.springframework.security.web.authentication.AnonymousAuthenticationFilter@16c5e7ad, org.springframework.security.web.session.SessionManagementFilter@5097638e, org.springframework.security.web.access.ExceptionTranslationFilter@b6aa7e9, org.springframework.security.web.access.intercept.AuthorizationFilter@30661521]
2025-05-04T23:42:58.313+03:00 DEBUG 22384 --- [mall-service] [           main] s.w.s.m.m.a.RequestMappingHandlerAdapter : ControllerAdvice beans: 0 @ModelAttribute, 0 @InitBinder, 1 RequestBodyAdvice, 1 ResponseBodyAdvice
2025-05-04T23:42:58.356+03:00 DEBUG 22384 --- [mall-service] [           main] .m.m.a.ExceptionHandlerExceptionResolver : ControllerAdvice beans: 2 @ExceptionHandler, 1 ResponseBodyAdvice
2025-05-04T23:42:58.672+03:00 DEBUG 22384 --- [mall-service] [           main] o.s.w.f.ServerHttpObservationFilter      : Filter 'webMvcObservationFilter' configured for use
2025-05-04T23:42:58.673+03:00  INFO 22384 --- [mall-service] [           main] o.s.b.t.m.w.SpringBootMockServletContext : Initializing Spring TestDispatcherServlet ''
2025-05-04T23:42:58.673+03:00  INFO 22384 --- [mall-service] [           main] o.s.t.web.servlet.TestDispatcherServlet  : Initializing Servlet ''
2025-05-04T23:42:58.674+03:00  INFO 22384 --- [mall-service] [           main] o.s.t.web.servlet.TestDispatcherServlet  : Completed initialization in 1 ms
2025-05-04T23:42:58.732+03:00  INFO 22384 --- [mall-service] [           main] DiscoveryClientOptionalArgsConfiguration : Eureka HTTP Client uses RestTemplate.
2025-05-04T23:42:58.886+03:00  WARN 22384 --- [mall-service] [           main] iguration$LoadBalancerCaffeineWarnLogger : Spring Cloud LoadBalancer is currently working with the default cache. While this cache implementation is useful for development and tests, it's recommended to use Caffeine cache in production.You can switch to using Caffeine cache, by adding it and org.springframework.cache.caffeine.CaffeineCacheManager to the classpath.
2025-05-04T23:42:58.942+03:00  INFO 22384 --- [mall-service] [           main] c.a.m.c.MallControllerIntegrationTest    : Started MallControllerIntegrationTest in 5.059 seconds (process running for 32.155)
2025-05-04T23:42:58.972+03:00 DEBUG 22384 --- [mall-service] [           main] o.s.security.web.FilterChainProxy        : Securing DELETE /malls/1
2025-05-04T23:42:58.973+03:00 DEBUG 22384 --- [mall-service] [           main] o.s.s.w.a.AnonymousAuthenticationFilter  : Set SecurityContextHolder to anonymous SecurityContext
2025-05-04T23:42:58.974+03:00 DEBUG 22384 --- [mall-service] [           main] o.s.security.web.FilterChainProxy        : Secured DELETE /malls/1
2025-05-04T23:42:58.975+03:00 DEBUG 22384 --- [mall-service] [           main] s.w.s.m.m.a.RequestMappingHandlerMapping : Mapped to com.avmerkez.mallservice.controller.MallController#deleteMall(Long)
2025-05-04T23:42:58.979+03:00 DEBUG 22384 --- [mall-service] [           main] o.s.w.s.m.m.a.HttpEntityMethodProcessor  : Using 'application/json', given [*/*] and supported [application/json, application/*+json]
2025-05-04T23:42:58.980+03:00 DEBUG 22384 --- [mall-service] [           main] o.s.w.s.m.m.a.HttpEntityMethodProcessor  : Nothing to write: null body
2025-05-04T23:42:59.005+03:00 DEBUG 22384 --- [mall-service] [           main] o.s.w.c.s.GenericWebApplicationContext   : Closing org.springframework.web.context.support.GenericWebApplicationContext@16768389, started on Sun May 04 23:42:56 GMT+03:00 2025, parent: org.springframework.context.annotation.AnnotationConfigApplicationContext@2c15515e
2025-05-04T23:42:59.022+03:00  INFO 22384 --- [mall-service] [           main] o.s.c.n.eureka.InstanceInfoFactory       : Setting initial instance status as: STARTING
2025-05-04T23:42:59.027+03:00  INFO 22384 --- [mall-service] [           main] o.s.c.n.e.s.EurekaServiceRegistry        : Unregistering application MALL-SERVICE with eureka with status DOWN
2025-05-04T23:42:59.032+03:00  INFO 22384 --- [mall-service] [           main] j.LocalContainerEntityManagerFactoryBean : Closing JPA EntityManagerFactory for persistence unit 'default'
2025-05-04T23:42:59.033+03:00  INFO 22384 --- [mall-service] [           main] com.zaxxer.hikari.HikariDataSource       : HikariPool-2 - Shutdown initiated...
2025-05-04T23:42:59.044+03:00  INFO 22384 --- [mall-service] [           main] com.zaxxer.hikari.HikariDataSource       : HikariPool-2 - Shutdown completed.
]]></system-out>
  </testcase>
  <testcase name="getMallById_ShouldReturnNotFound_WhenIdDoesNotExist" classname="com.avmerkez.mallservice.controller.MallControllerIntegrationTest" time="0.07">
    <system-out><![CDATA[2025-05-04T23:42:59.762+03:00  INFO 22384 --- [mall-service] [           main] o.s.c.c.c.ConfigServerConfigDataLoader   : Fetching config from server at : http://localhost:8888
2025-05-04T23:42:59.762+03:00  INFO 22384 --- [mall-service] [           main] o.s.c.c.c.ConfigServerConfigDataLoader   : Located environment: name=mall-service, profiles=[default], label=main, version=384f78c7757a7e57a911883393397e4aa6ddc88c, state=null

  .   ____          _            __ _ _
 /\\ / ___'_ __ _ _(_)_ __  __ _ \ \ \ \
( ( )\___ | '_ | '_| | '_ \/ _` | \ \ \ \
 \\/  ___)| |_)| | | | | || (_| |  ) ) ) )
  '  |____| .__|_| |_|_| |_\__, | / / / /
 =========|_|==============|___/=/_/_/_/
 :: Spring Boot ::                (v3.2.5)

2025-05-04T23:43:00.547+03:00  INFO 22384 --- [mall-service] [           main] c.c.c.ConfigServicePropertySourceLocator : Fetching config from server at : http://localhost:8888
2025-05-04T23:43:00.547+03:00 DEBUG 22384 --- [mall-service] [           main] o.s.web.client.RestTemplate              : HTTP GET http://localhost:8888/mall-service/default/main
2025-05-04T23:43:00.549+03:00 DEBUG 22384 --- [mall-service] [           main] o.s.web.client.RestTemplate              : Accept=[application/json, application/*+json]
2025-05-04T23:43:01.144+03:00 DEBUG 22384 --- [mall-service] [           main] o.s.web.client.RestTemplate              : Response 200 OK
2025-05-04T23:43:01.145+03:00 DEBUG 22384 --- [mall-service] [           main] o.s.web.client.RestTemplate              : Reading to [org.springframework.cloud.config.environment.Environment]
2025-05-04T23:43:01.145+03:00  INFO 22384 --- [mall-service] [           main] c.c.c.ConfigServicePropertySourceLocator : Located environment: name=mall-service, profiles=[default], label=main, version=384f78c7757a7e57a911883393397e4aa6ddc88c, state=null
2025-05-04T23:43:01.146+03:00  INFO 22384 --- [mall-service] [           main] b.c.PropertySourceBootstrapConfiguration : Located property source: [BootstrapPropertySource {name='bootstrapProperties-configClient'}, BootstrapPropertySource {name='bootstrapProperties-https://github.com/kcguran/avmerkez-config-repo.git/mall-service.yml'}, BootstrapPropertySource {name='bootstrapProperties-https://github.com/kcguran/avmerkez-config-repo.git/application.yml'}]
2025-05-04T23:43:01.153+03:00  INFO 22384 --- [mall-service] [           main] c.a.m.c.MallControllerIntegrationTest    : No active profile set, falling back to 1 default profile: "default"
2025-05-04T23:43:01.156+03:00  INFO 22384 --- [mall-service] [           main] o.s.c.c.c.ConfigServerConfigDataLoader   : Fetching config from server at : http://localhost:8888
2025-05-04T23:43:01.156+03:00  INFO 22384 --- [mall-service] [           main] o.s.c.c.c.ConfigServerConfigDataLoader   : Located environment: name=mall-service, profiles=[default], label=main, version=384f78c7757a7e57a911883393397e4aa6ddc88c, state=null
2025-05-04T23:43:01.156+03:00 DEBUG 22384 --- [mall-service] [           main] o.s.w.c.s.GenericWebApplicationContext   : Refreshing org.springframework.web.context.support.GenericWebApplicationContext@2e3622a6
2025-05-04T23:43:01.897+03:00  INFO 22384 --- [mall-service] [           main] .s.d.r.c.RepositoryConfigurationDelegate : Bootstrapping Spring Data JPA repositories in DEFAULT mode.
2025-05-04T23:43:01.952+03:00  INFO 22384 --- [mall-service] [           main] .s.d.r.c.RepositoryConfigurationDelegate : Finished Spring Data repository scanning in 55 ms. Found 1 JPA repository interface.
2025-05-04T23:43:02.149+03:00  INFO 22384 --- [mall-service] [           main] o.s.cloud.context.scope.GenericScope     : BeanFactory id=1e136faa-8b43-33c6-bdfb-c464e3eb48bb
2025-05-04T23:43:02.278+03:00  WARN 22384 --- [mall-service] [           main] trationDelegate$BeanPostProcessorChecker : Bean 'org.springframework.cloud.client.loadbalancer.LoadBalancerAutoConfiguration$DeferringLoadBalancerInterceptorConfig' of type [org.springframework.cloud.client.loadbalancer.LoadBalancerAutoConfiguration$DeferringLoadBalancerInterceptorConfig] is not eligible for getting processed by all BeanPostProcessors (for example: not eligible for auto-proxying). The currently created BeanPostProcessor [lbRestClientPostProcessor] is declared through a non-static factory method on that class; consider declaring it as static instead.
2025-05-04T23:43:02.279+03:00  WARN 22384 --- [mall-service] [           main] trationDelegate$BeanPostProcessorChecker : Bean 'deferringLoadBalancerInterceptor' of type [org.springframework.cloud.client.loadbalancer.DeferringLoadBalancerInterceptor] is not eligible for getting processed by all BeanPostProcessors (for example: not eligible for auto-proxying). Is this bean getting eagerly injected into a currently created BeanPostProcessor [lbRestClientPostProcessor]? Check the corresponding BeanPostProcessor declaration and its dependencies.
2025-05-04T23:43:02.395+03:00  INFO 22384 --- [mall-service] [           main] org.flywaydb.core.FlywayExecutor         : Database: jdbc:postgresql://localhost:63806/testdb (PostgreSQL 15.12)
2025-05-04T23:43:02.417+03:00  INFO 22384 --- [mall-service] [           main] o.f.core.internal.command.DbValidate     : Successfully validated 1 migration (execution time 00:00.009s)
2025-05-04T23:43:02.448+03:00  INFO 22384 --- [mall-service] [           main] o.f.core.internal.command.DbMigrate      : Current version of schema "public": 1
2025-05-04T23:43:02.449+03:00  INFO 22384 --- [mall-service] [           main] o.f.core.internal.command.DbMigrate      : Schema "public" is up to date. No migration necessary.
2025-05-04T23:43:02.508+03:00  INFO 22384 --- [mall-service] [           main] o.hibernate.jpa.internal.util.LogHelper  : HHH000204: Processing PersistenceUnitInfo [name: default]
2025-05-04T23:43:02.519+03:00  INFO 22384 --- [mall-service] [           main] o.h.c.internal.RegionFactoryInitiator    : HHH000026: Second-level cache disabled
2025-05-04T23:43:02.527+03:00  INFO 22384 --- [mall-service] [           main] o.s.o.j.p.SpringPersistenceUnitInfo      : No LoadTimeWeaver setup: ignoring JPA class transformer
2025-05-04T23:43:02.528+03:00  INFO 22384 --- [mall-service] [           main] com.zaxxer.hikari.HikariDataSource       : HikariPool-3 - Starting...
2025-05-04T23:43:02.570+03:00  INFO 22384 --- [mall-service] [           main] com.zaxxer.hikari.pool.HikariPool        : HikariPool-3 - Added connection org.postgresql.jdbc.PgConnection@3d4cae3f
2025-05-04T23:43:02.570+03:00  INFO 22384 --- [mall-service] [           main] com.zaxxer.hikari.HikariDataSource       : HikariPool-3 - Start completed.
2025-05-04T23:43:02.577+03:00  WARN 22384 --- [mall-service] [           main] org.hibernate.orm.deprecation            : HHH90000025: PostgreSQLDialect does not need to be specified explicitly using 'hibernate.dialect' (remove the property setting and it will be selected by default)
2025-05-04T23:43:02.633+03:00  INFO 22384 --- [mall-service] [           main] o.h.e.t.j.p.i.JtaPlatformInitiator       : HHH000489: No JTA platform available (set 'hibernate.transaction.jta.platform' to enable JTA platform integration)
2025-05-04T23:43:02.656+03:00  INFO 22384 --- [mall-service] [           main] j.LocalContainerEntityManagerFactoryBean : Initialized JPA EntityManagerFactory for persistence unit 'default'
2025-05-04T23:43:02.732+03:00  WARN 22384 --- [mall-service] [           main] JpaBaseConfiguration$JpaWebConfiguration : spring.jpa.open-in-view is enabled by default. Therefore, database queries may be performed during view rendering. Explicitly configure spring.jpa.open-in-view to disable this warning
2025-05-04T23:43:02.763+03:00  WARN 22384 --- [mall-service] [           main] .s.s.UserDetailsServiceAutoConfiguration : 

Using generated security password: 6fa60111-6bd9-48ee-be91-cf808e689f97

This generated password is for development use only. Your security configuration must be updated before running your application in production.

2025-05-04T23:43:02.870+03:00 DEBUG 22384 --- [mall-service] [           main] s.w.s.m.m.a.RequestMappingHandlerMapping : 11 mappings in 'requestMappingHandlerMapping'
2025-05-04T23:43:02.951+03:00 DEBUG 22384 --- [mall-service] [           main] o.s.w.s.handler.SimpleUrlHandlerMapping  : Patterns [/webjars/**, /**, /swagger-ui*/*swagger-initializer.js, /swagger-ui*/**] in 'resourceHandlerMapping'
2025-05-04T23:43:03.170+03:00  INFO 22384 --- [mall-service] [           main] o.s.b.a.e.web.EndpointLinksResolver      : Exposing 5 endpoint(s) beneath base path '/actuator'
2025-05-04T23:43:03.207+03:00  INFO 22384 --- [mall-service] [           main] o.s.s.web.DefaultSecurityFilterChain     : Will secure any request with [org.springframework.security.web.session.DisableEncodeUrlFilter@12f20b92, org.springframework.security.web.context.request.async.WebAsyncManagerIntegrationFilter@49edb6d0, org.springframework.security.web.context.SecurityContextHolderFilter@79fc5423, org.springframework.security.web.header.HeaderWriterFilter@14400bf1, org.springframework.web.filter.CorsFilter@6bd9d056, org.springframework.security.web.authentication.logout.LogoutFilter@35050186, org.springframework.security.web.savedrequest.RequestCacheAwareFilter@1fe08b1e, org.springframework.security.web.servletapi.SecurityContextHolderAwareRequestFilter@590ed52d, org.springframework.security.web.authentication.AnonymousAuthenticationFilter@8fc8365, org.springframework.security.web.session.SessionManagementFilter@70d36074, org.springframework.security.web.access.ExceptionTranslationFilter@53a0fa8c, org.springframework.security.web.access.intercept.AuthorizationFilter@21df4367]
2025-05-04T23:43:03.323+03:00 DEBUG 22384 --- [mall-service] [           main] s.w.s.m.m.a.RequestMappingHandlerAdapter : ControllerAdvice beans: 0 @ModelAttribute, 0 @InitBinder, 1 RequestBodyAdvice, 1 ResponseBodyAdvice
2025-05-04T23:43:03.338+03:00 DEBUG 22384 --- [mall-service] [           main] .m.m.a.ExceptionHandlerExceptionResolver : ControllerAdvice beans: 2 @ExceptionHandler, 1 ResponseBodyAdvice
2025-05-04T23:43:03.636+03:00 DEBUG 22384 --- [mall-service] [           main] o.s.w.f.ServerHttpObservationFilter      : Filter 'webMvcObservationFilter' configured for use
2025-05-04T23:43:03.636+03:00  INFO 22384 --- [mall-service] [           main] o.s.b.t.m.w.SpringBootMockServletContext : Initializing Spring TestDispatcherServlet ''
2025-05-04T23:43:03.636+03:00  INFO 22384 --- [mall-service] [           main] o.s.t.web.servlet.TestDispatcherServlet  : Initializing Servlet ''
2025-05-04T23:43:03.638+03:00  INFO 22384 --- [mall-service] [           main] o.s.t.web.servlet.TestDispatcherServlet  : Completed initialization in 2 ms
2025-05-04T23:43:03.670+03:00  INFO 22384 --- [mall-service] [           main] DiscoveryClientOptionalArgsConfiguration : Eureka HTTP Client uses RestTemplate.
2025-05-04T23:43:03.746+03:00  WARN 22384 --- [mall-service] [           main] iguration$LoadBalancerCaffeineWarnLogger : Spring Cloud LoadBalancer is currently working with the default cache. While this cache implementation is useful for development and tests, it's recommended to use Caffeine cache in production.You can switch to using Caffeine cache, by adding it and org.springframework.cache.caffeine.CaffeineCacheManager to the classpath.
2025-05-04T23:43:03.802+03:00  INFO 22384 --- [mall-service] [           main] c.a.m.c.MallControllerIntegrationTest    : Started MallControllerIntegrationTest in 4.753 seconds (process running for 37.015)
2025-05-04T23:43:03.827+03:00 DEBUG 22384 --- [mall-service] [           main] o.s.security.web.FilterChainProxy        : Securing GET /malls/99
2025-05-04T23:43:03.829+03:00 DEBUG 22384 --- [mall-service] [           main] o.s.s.w.a.AnonymousAuthenticationFilter  : Set SecurityContextHolder to anonymous SecurityContext
2025-05-04T23:43:03.829+03:00 DEBUG 22384 --- [mall-service] [           main] o.s.security.web.FilterChainProxy        : Secured GET /malls/99
2025-05-04T23:43:03.830+03:00 DEBUG 22384 --- [mall-service] [           main] s.w.s.m.m.a.RequestMappingHandlerMapping : Mapped to com.avmerkez.mallservice.controller.MallController#getMallById(Long)
2025-05-04T23:43:03.834+03:00 DEBUG 22384 --- [mall-service] [           main] .m.m.a.ExceptionHandlerExceptionResolver : Using @ExceptionHandler com.avmerkez.mallservice.exception.GlobalExceptionHandler#handleResourceNotFoundException(ResourceNotFoundException, WebRequest)
2025-05-04T23:43:03.836+03:00 DEBUG 22384 --- [mall-service] [           main] o.s.w.s.m.m.a.HttpEntityMethodProcessor  : Using 'application/json', given [*/*] and supported [application/json, application/*+json]
2025-05-04T23:43:03.836+03:00 DEBUG 22384 --- [mall-service] [           main] o.s.w.s.m.m.a.HttpEntityMethodProcessor  : Writing [{path=/malls/99, message=Mall not found with id : '99', error=Not Found, timestamp=2025-05-04T23:43: (truncated)...]
2025-05-04T23:43:03.841+03:00 DEBUG 22384 --- [mall-service] [           main] .m.m.a.ExceptionHandlerExceptionResolver : Resolved [com.avmerkez.mallservice.exception.ResourceNotFoundException: Mall not found with id : '99']
2025-05-04T23:43:03.847+03:00 DEBUG 22384 --- [mall-service] [           main] o.s.w.c.s.GenericWebApplicationContext   : Closing org.springframework.web.context.support.GenericWebApplicationContext@2e3622a6, started on Sun May 04 23:43:01 GMT+03:00 2025, parent: org.springframework.context.annotation.AnnotationConfigApplicationContext@2e0169d0
2025-05-04T23:43:03.848+03:00  INFO 22384 --- [mall-service] [           main] o.s.c.n.eureka.InstanceInfoFactory       : Setting initial instance status as: STARTING
2025-05-04T23:43:03.850+03:00  INFO 22384 --- [mall-service] [           main] o.s.c.n.e.s.EurekaServiceRegistry        : Unregistering application MALL-SERVICE with eureka with status DOWN
2025-05-04T23:43:03.854+03:00  INFO 22384 --- [mall-service] [           main] j.LocalContainerEntityManagerFactoryBean : Closing JPA EntityManagerFactory for persistence unit 'default'
2025-05-04T23:43:03.857+03:00  INFO 22384 --- [mall-service] [           main] com.zaxxer.hikari.HikariDataSource       : HikariPool-3 - Shutdown initiated...
2025-05-04T23:43:03.881+03:00  INFO 22384 --- [mall-service] [           main] com.zaxxer.hikari.HikariDataSource       : HikariPool-3 - Shutdown completed.
]]></system-out>
  </testcase>
  <testcase name="getAllMalls_ShouldReturnListOfMalls" classname="com.avmerkez.mallservice.controller.MallControllerIntegrationTest" time="0.165">
    <system-out><![CDATA[2025-05-04T23:43:04.587+03:00  INFO 22384 --- [mall-service] [           main] o.s.c.c.c.ConfigServerConfigDataLoader   : Fetching config from server at : http://localhost:8888
2025-05-04T23:43:04.587+03:00  INFO 22384 --- [mall-service] [           main] o.s.c.c.c.ConfigServerConfigDataLoader   : Located environment: name=mall-service, profiles=[default], label=main, version=384f78c7757a7e57a911883393397e4aa6ddc88c, state=null

  .   ____          _            __ _ _
 /\\ / ___'_ __ _ _(_)_ __  __ _ \ \ \ \
( ( )\___ | '_ | '_| | '_ \/ _` | \ \ \ \
 \\/  ___)| |_)| | | | | || (_| |  ) ) ) )
  '  |____| .__|_| |_|_| |_\__, | / / / /
 =========|_|==============|___/=/_/_/_/
 :: Spring Boot ::                (v3.2.5)

2025-05-04T23:43:05.332+03:00  INFO 22384 --- [mall-service] [           main] c.c.c.ConfigServicePropertySourceLocator : Fetching config from server at : http://localhost:8888
2025-05-04T23:43:05.332+03:00 DEBUG 22384 --- [mall-service] [           main] o.s.web.client.RestTemplate              : HTTP GET http://localhost:8888/mall-service/default/main
2025-05-04T23:43:05.338+03:00 DEBUG 22384 --- [mall-service] [           main] o.s.web.client.RestTemplate              : Accept=[application/json, application/*+json]
2025-05-04T23:43:06.062+03:00 DEBUG 22384 --- [mall-service] [           main] o.s.web.client.RestTemplate              : Response 200 OK
2025-05-04T23:43:06.062+03:00 DEBUG 22384 --- [mall-service] [           main] o.s.web.client.RestTemplate              : Reading to [org.springframework.cloud.config.environment.Environment]
2025-05-04T23:43:06.064+03:00  INFO 22384 --- [mall-service] [           main] c.c.c.ConfigServicePropertySourceLocator : Located environment: name=mall-service, profiles=[default], label=main, version=384f78c7757a7e57a911883393397e4aa6ddc88c, state=null
2025-05-04T23:43:06.064+03:00  INFO 22384 --- [mall-service] [           main] b.c.PropertySourceBootstrapConfiguration : Located property source: [BootstrapPropertySource {name='bootstrapProperties-configClient'}, BootstrapPropertySource {name='bootstrapProperties-https://github.com/kcguran/avmerkez-config-repo.git/mall-service.yml'}, BootstrapPropertySource {name='bootstrapProperties-https://github.com/kcguran/avmerkez-config-repo.git/application.yml'}]
2025-05-04T23:43:06.071+03:00  INFO 22384 --- [mall-service] [           main] c.a.m.c.MallControllerIntegrationTest    : No active profile set, falling back to 1 default profile: "default"
2025-05-04T23:43:06.074+03:00  INFO 22384 --- [mall-service] [           main] o.s.c.c.c.ConfigServerConfigDataLoader   : Fetching config from server at : http://localhost:8888
2025-05-04T23:43:06.075+03:00  INFO 22384 --- [mall-service] [           main] o.s.c.c.c.ConfigServerConfigDataLoader   : Located environment: name=mall-service, profiles=[default], label=main, version=384f78c7757a7e57a911883393397e4aa6ddc88c, state=null
2025-05-04T23:43:06.075+03:00 DEBUG 22384 --- [mall-service] [           main] o.s.w.c.s.GenericWebApplicationContext   : Refreshing org.springframework.web.context.support.GenericWebApplicationContext@7aa9bfc6
2025-05-04T23:43:06.533+03:00  INFO 22384 --- [mall-service] [           main] .s.d.r.c.RepositoryConfigurationDelegate : Bootstrapping Spring Data JPA repositories in DEFAULT mode.
2025-05-04T23:43:06.546+03:00  INFO 22384 --- [mall-service] [           main] .s.d.r.c.RepositoryConfigurationDelegate : Finished Spring Data repository scanning in 11 ms. Found 1 JPA repository interface.
2025-05-04T23:43:06.693+03:00  INFO 22384 --- [mall-service] [           main] o.s.cloud.context.scope.GenericScope     : BeanFactory id=1e136faa-8b43-33c6-bdfb-c464e3eb48bb
2025-05-04T23:43:06.767+03:00  WARN 22384 --- [mall-service] [           main] trationDelegate$BeanPostProcessorChecker : Bean 'org.springframework.cloud.client.loadbalancer.LoadBalancerAutoConfiguration$DeferringLoadBalancerInterceptorConfig' of type [org.springframework.cloud.client.loadbalancer.LoadBalancerAutoConfiguration$DeferringLoadBalancerInterceptorConfig] is not eligible for getting processed by all BeanPostProcessors (for example: not eligible for auto-proxying). The currently created BeanPostProcessor [lbRestClientPostProcessor] is declared through a non-static factory method on that class; consider declaring it as static instead.
2025-05-04T23:43:06.768+03:00  WARN 22384 --- [mall-service] [           main] trationDelegate$BeanPostProcessorChecker : Bean 'deferringLoadBalancerInterceptor' of type [org.springframework.cloud.client.loadbalancer.DeferringLoadBalancerInterceptor] is not eligible for getting processed by all BeanPostProcessors (for example: not eligible for auto-proxying). Is this bean getting eagerly injected into a currently created BeanPostProcessor [lbRestClientPostProcessor]? Check the corresponding BeanPostProcessor declaration and its dependencies.
2025-05-04T23:43:06.869+03:00  INFO 22384 --- [mall-service] [           main] org.flywaydb.core.FlywayExecutor         : Database: jdbc:postgresql://localhost:63806/testdb (PostgreSQL 15.12)
2025-05-04T23:43:06.895+03:00  INFO 22384 --- [mall-service] [           main] o.f.core.internal.command.DbValidate     : Successfully validated 1 migration (execution time 00:00.010s)
2025-05-04T23:43:06.927+03:00  INFO 22384 --- [mall-service] [           main] o.f.core.internal.command.DbMigrate      : Current version of schema "public": 1
2025-05-04T23:43:06.929+03:00  INFO 22384 --- [mall-service] [           main] o.f.core.internal.command.DbMigrate      : Schema "public" is up to date. No migration necessary.
2025-05-04T23:43:06.968+03:00  INFO 22384 --- [mall-service] [           main] o.hibernate.jpa.internal.util.LogHelper  : HHH000204: Processing PersistenceUnitInfo [name: default]
2025-05-04T23:43:06.971+03:00  INFO 22384 --- [mall-service] [           main] o.h.c.internal.RegionFactoryInitiator    : HHH000026: Second-level cache disabled
2025-05-04T23:43:06.979+03:00  INFO 22384 --- [mall-service] [           main] o.s.o.j.p.SpringPersistenceUnitInfo      : No LoadTimeWeaver setup: ignoring JPA class transformer
2025-05-04T23:43:06.980+03:00  INFO 22384 --- [mall-service] [           main] com.zaxxer.hikari.HikariDataSource       : HikariPool-4 - Starting...
2025-05-04T23:43:06.999+03:00  INFO 22384 --- [mall-service] [           main] com.zaxxer.hikari.pool.HikariPool        : HikariPool-4 - Added connection org.postgresql.jdbc.PgConnection@312d7705
2025-05-04T23:43:06.999+03:00  INFO 22384 --- [mall-service] [           main] com.zaxxer.hikari.HikariDataSource       : HikariPool-4 - Start completed.
2025-05-04T23:43:07.003+03:00  WARN 22384 --- [mall-service] [           main] org.hibernate.orm.deprecation            : HHH90000025: PostgreSQLDialect does not need to be specified explicitly using 'hibernate.dialect' (remove the property setting and it will be selected by default)
2025-05-04T23:43:07.040+03:00  INFO 22384 --- [mall-service] [           main] o.h.e.t.j.p.i.JtaPlatformInitiator       : HHH000489: No JTA platform available (set 'hibernate.transaction.jta.platform' to enable JTA platform integration)
2025-05-04T23:43:07.070+03:00  INFO 22384 --- [mall-service] [           main] j.LocalContainerEntityManagerFactoryBean : Initialized JPA EntityManagerFactory for persistence unit 'default'
2025-05-04T23:43:07.139+03:00  WARN 22384 --- [mall-service] [           main] JpaBaseConfiguration$JpaWebConfiguration : spring.jpa.open-in-view is enabled by default. Therefore, database queries may be performed during view rendering. Explicitly configure spring.jpa.open-in-view to disable this warning
2025-05-04T23:43:07.172+03:00  WARN 22384 --- [mall-service] [           main] .s.s.UserDetailsServiceAutoConfiguration : 

Using generated security password: 45d93b1f-e5de-4857-9b52-139d7cc1e071

This generated password is for development use only. Your security configuration must be updated before running your application in production.

2025-05-04T23:43:07.262+03:00 DEBUG 22384 --- [mall-service] [           main] s.w.s.m.m.a.RequestMappingHandlerMapping : 11 mappings in 'requestMappingHandlerMapping'
2025-05-04T23:43:07.325+03:00 DEBUG 22384 --- [mall-service] [           main] o.s.w.s.handler.SimpleUrlHandlerMapping  : Patterns [/webjars/**, /**, /swagger-ui*/*swagger-initializer.js, /swagger-ui*/**] in 'resourceHandlerMapping'
2025-05-04T23:43:07.484+03:00  INFO 22384 --- [mall-service] [           main] o.s.b.a.e.web.EndpointLinksResolver      : Exposing 5 endpoint(s) beneath base path '/actuator'
2025-05-04T23:43:07.510+03:00  INFO 22384 --- [mall-service] [           main] o.s.s.web.DefaultSecurityFilterChain     : Will secure any request with [org.springframework.security.web.session.DisableEncodeUrlFilter@2d21b460, org.springframework.security.web.context.request.async.WebAsyncManagerIntegrationFilter@20286a6b, org.springframework.security.web.context.SecurityContextHolderFilter@3862d1ee, org.springframework.security.web.header.HeaderWriterFilter@42306a87, org.springframework.web.filter.CorsFilter@4c9e1a2e, org.springframework.security.web.authentication.logout.LogoutFilter@69d58b75, org.springframework.security.web.savedrequest.RequestCacheAwareFilter@3e0c4b29, org.springframework.security.web.servletapi.SecurityContextHolderAwareRequestFilter@14001fb7, org.springframework.security.web.authentication.AnonymousAuthenticationFilter@35cafcb5, org.springframework.security.web.session.SessionManagementFilter@713c4d95, org.springframework.security.web.access.ExceptionTranslationFilter@2d6b3785, org.springframework.security.web.access.intercept.AuthorizationFilter@537bdff0]
2025-05-04T23:43:07.603+03:00 DEBUG 22384 --- [mall-service] [           main] s.w.s.m.m.a.RequestMappingHandlerAdapter : ControllerAdvice beans: 0 @ModelAttribute, 0 @InitBinder, 1 RequestBodyAdvice, 1 ResponseBodyAdvice
2025-05-04T23:43:07.613+03:00 DEBUG 22384 --- [mall-service] [           main] .m.m.a.ExceptionHandlerExceptionResolver : ControllerAdvice beans: 2 @ExceptionHandler, 1 ResponseBodyAdvice
2025-05-04T23:43:07.922+03:00 DEBUG 22384 --- [mall-service] [           main] o.s.w.f.ServerHttpObservationFilter      : Filter 'webMvcObservationFilter' configured for use
2025-05-04T23:43:07.922+03:00  INFO 22384 --- [mall-service] [           main] o.s.b.t.m.w.SpringBootMockServletContext : Initializing Spring TestDispatcherServlet ''
2025-05-04T23:43:07.922+03:00  INFO 22384 --- [mall-service] [           main] o.s.t.web.servlet.TestDispatcherServlet  : Initializing Servlet ''
2025-05-04T23:43:07.924+03:00  INFO 22384 --- [mall-service] [           main] o.s.t.web.servlet.TestDispatcherServlet  : Completed initialization in 2 ms
2025-05-04T23:43:07.945+03:00  INFO 22384 --- [mall-service] [           main] DiscoveryClientOptionalArgsConfiguration : Eureka HTTP Client uses RestTemplate.
2025-05-04T23:43:07.979+03:00  WARN 22384 --- [mall-service] [           main] iguration$LoadBalancerCaffeineWarnLogger : Spring Cloud LoadBalancer is currently working with the default cache. While this cache implementation is useful for development and tests, it's recommended to use Caffeine cache in production.You can switch to using Caffeine cache, by adding it and org.springframework.cache.caffeine.CaffeineCacheManager to the classpath.
2025-05-04T23:43:08.009+03:00  INFO 22384 --- [mall-service] [           main] c.a.m.c.MallControllerIntegrationTest    : Started MallControllerIntegrationTest in 4.125 seconds (process running for 41.222)
2025-05-04T23:43:08.028+03:00 DEBUG 22384 --- [mall-service] [           main] o.s.security.web.FilterChainProxy        : Securing GET /malls
2025-05-04T23:43:08.029+03:00 DEBUG 22384 --- [mall-service] [           main] o.s.s.w.a.AnonymousAuthenticationFilter  : Set SecurityContextHolder to anonymous SecurityContext
2025-05-04T23:43:08.030+03:00 DEBUG 22384 --- [mall-service] [           main] o.s.security.web.FilterChainProxy        : Secured GET /malls
2025-05-04T23:43:08.030+03:00 DEBUG 22384 --- [mall-service] [           main] s.w.s.m.m.a.RequestMappingHandlerMapping : Mapped to com.avmerkez.mallservice.controller.MallController#getAllMalls()
2025-05-04T23:43:08.035+03:00 DEBUG 22384 --- [mall-service] [           main] o.s.w.s.m.m.a.HttpEntityMethodProcessor  : Using 'application/json', given [*/*] and supported [application/json, application/*+json]
2025-05-04T23:43:08.035+03:00 DEBUG 22384 --- [mall-service] [           main] o.s.w.s.m.m.a.HttpEntityMethodProcessor  : Writing [[MallDto(id=1, name=Test Mall, city=Test City, district=Test District)]]
2025-05-04T23:43:08.112+03:00 DEBUG 22384 --- [mall-service] [           main] o.s.w.c.s.GenericWebApplicationContext   : Closing org.springframework.web.context.support.GenericWebApplicationContext@7aa9bfc6, started on Sun May 04 23:43:06 GMT+03:00 2025, parent: org.springframework.context.annotation.AnnotationConfigApplicationContext@1364560f
2025-05-04T23:43:08.113+03:00  INFO 22384 --- [mall-service] [           main] o.s.c.n.eureka.InstanceInfoFactory       : Setting initial instance status as: STARTING
2025-05-04T23:43:08.115+03:00  INFO 22384 --- [mall-service] [           main] o.s.c.n.e.s.EurekaServiceRegistry        : Unregistering application MALL-SERVICE with eureka with status DOWN
2025-05-04T23:43:08.118+03:00  INFO 22384 --- [mall-service] [           main] j.LocalContainerEntityManagerFactoryBean : Closing JPA EntityManagerFactory for persistence unit 'default'
2025-05-04T23:43:08.140+03:00  INFO 22384 --- [mall-service] [           main] com.zaxxer.hikari.HikariDataSource       : HikariPool-4 - Shutdown initiated...
2025-05-04T23:43:08.179+03:00  INFO 22384 --- [mall-service] [           main] com.zaxxer.hikari.HikariDataSource       : HikariPool-4 - Shutdown completed.
]]></system-out>
  </testcase>
  <testcase name="getMallById_ShouldReturnMallDto_WhenIdExists" classname="com.avmerkez.mallservice.controller.MallControllerIntegrationTest" time="0.046">
    <system-out><![CDATA[2025-05-04T23:43:08.891+03:00  INFO 22384 --- [mall-service] [           main] o.s.c.c.c.ConfigServerConfigDataLoader   : Fetching config from server at : http://localhost:8888
2025-05-04T23:43:08.892+03:00  INFO 22384 --- [mall-service] [           main] o.s.c.c.c.ConfigServerConfigDataLoader   : Located environment: name=mall-service, profiles=[default], label=main, version=384f78c7757a7e57a911883393397e4aa6ddc88c, state=null

  .   ____          _            __ _ _
 /\\ / ___'_ __ _ _(_)_ __  __ _ \ \ \ \
( ( )\___ | '_ | '_| | '_ \/ _` | \ \ \ \
 \\/  ___)| |_)| | | | | || (_| |  ) ) ) )
  '  |____| .__|_| |_|_| |_\__, | / / / /
 =========|_|==============|___/=/_/_/_/
 :: Spring Boot ::                (v3.2.5)

2025-05-04T23:43:09.581+03:00  INFO 22384 --- [mall-service] [           main] c.c.c.ConfigServicePropertySourceLocator : Fetching config from server at : http://localhost:8888
2025-05-04T23:43:09.581+03:00 DEBUG 22384 --- [mall-service] [           main] o.s.web.client.RestTemplate              : HTTP GET http://localhost:8888/mall-service/default/main
2025-05-04T23:43:09.583+03:00 DEBUG 22384 --- [mall-service] [           main] o.s.web.client.RestTemplate              : Accept=[application/json, application/*+json]
2025-05-04T23:43:10.280+03:00 DEBUG 22384 --- [mall-service] [           main] o.s.web.client.RestTemplate              : Response 200 OK
2025-05-04T23:43:10.280+03:00 DEBUG 22384 --- [mall-service] [           main] o.s.web.client.RestTemplate              : Reading to [org.springframework.cloud.config.environment.Environment]
2025-05-04T23:43:10.281+03:00  INFO 22384 --- [mall-service] [           main] c.c.c.ConfigServicePropertySourceLocator : Located environment: name=mall-service, profiles=[default], label=main, version=384f78c7757a7e57a911883393397e4aa6ddc88c, state=null
2025-05-04T23:43:10.281+03:00  INFO 22384 --- [mall-service] [           main] b.c.PropertySourceBootstrapConfiguration : Located property source: [BootstrapPropertySource {name='bootstrapProperties-configClient'}, BootstrapPropertySource {name='bootstrapProperties-https://github.com/kcguran/avmerkez-config-repo.git/mall-service.yml'}, BootstrapPropertySource {name='bootstrapProperties-https://github.com/kcguran/avmerkez-config-repo.git/application.yml'}]
2025-05-04T23:43:10.288+03:00  INFO 22384 --- [mall-service] [           main] c.a.m.c.MallControllerIntegrationTest    : No active profile set, falling back to 1 default profile: "default"
2025-05-04T23:43:10.290+03:00  INFO 22384 --- [mall-service] [           main] o.s.c.c.c.ConfigServerConfigDataLoader   : Fetching config from server at : http://localhost:8888
2025-05-04T23:43:10.291+03:00  INFO 22384 --- [mall-service] [           main] o.s.c.c.c.ConfigServerConfigDataLoader   : Located environment: name=mall-service, profiles=[default], label=main, version=384f78c7757a7e57a911883393397e4aa6ddc88c, state=null
2025-05-04T23:43:10.291+03:00 DEBUG 22384 --- [mall-service] [           main] o.s.w.c.s.GenericWebApplicationContext   : Refreshing org.springframework.web.context.support.GenericWebApplicationContext@4f453c84
2025-05-04T23:43:10.608+03:00  INFO 22384 --- [mall-service] [           main] .s.d.r.c.RepositoryConfigurationDelegate : Bootstrapping Spring Data JPA repositories in DEFAULT mode.
2025-05-04T23:43:10.617+03:00  INFO 22384 --- [mall-service] [           main] .s.d.r.c.RepositoryConfigurationDelegate : Finished Spring Data repository scanning in 8 ms. Found 1 JPA repository interface.
2025-05-04T23:43:10.672+03:00  INFO 22384 --- [mall-service] [           main] o.s.cloud.context.scope.GenericScope     : BeanFactory id=1e136faa-8b43-33c6-bdfb-c464e3eb48bb
2025-05-04T23:43:10.705+03:00  WARN 22384 --- [mall-service] [           main] trationDelegate$BeanPostProcessorChecker : Bean 'org.springframework.cloud.client.loadbalancer.LoadBalancerAutoConfiguration$DeferringLoadBalancerInterceptorConfig' of type [org.springframework.cloud.client.loadbalancer.LoadBalancerAutoConfiguration$DeferringLoadBalancerInterceptorConfig] is not eligible for getting processed by all BeanPostProcessors (for example: not eligible for auto-proxying). The currently created BeanPostProcessor [lbRestClientPostProcessor] is declared through a non-static factory method on that class; consider declaring it as static instead.
2025-05-04T23:43:10.706+03:00  WARN 22384 --- [mall-service] [           main] trationDelegate$BeanPostProcessorChecker : Bean 'deferringLoadBalancerInterceptor' of type [org.springframework.cloud.client.loadbalancer.DeferringLoadBalancerInterceptor] is not eligible for getting processed by all BeanPostProcessors (for example: not eligible for auto-proxying). Is this bean getting eagerly injected into a currently created BeanPostProcessor [lbRestClientPostProcessor]? Check the corresponding BeanPostProcessor declaration and its dependencies.
2025-05-04T23:43:10.796+03:00  INFO 22384 --- [mall-service] [           main] org.flywaydb.core.FlywayExecutor         : Database: jdbc:postgresql://localhost:63806/testdb (PostgreSQL 15.12)
2025-05-04T23:43:10.818+03:00  INFO 22384 --- [mall-service] [           main] o.f.core.internal.command.DbValidate     : Successfully validated 1 migration (execution time 00:00.010s)
2025-05-04T23:43:10.846+03:00  INFO 22384 --- [mall-service] [           main] o.f.core.internal.command.DbMigrate      : Current version of schema "public": 1
2025-05-04T23:43:10.848+03:00  INFO 22384 --- [mall-service] [           main] o.f.core.internal.command.DbMigrate      : Schema "public" is up to date. No migration necessary.
2025-05-04T23:43:10.883+03:00  INFO 22384 --- [mall-service] [           main] o.hibernate.jpa.internal.util.LogHelper  : HHH000204: Processing PersistenceUnitInfo [name: default]
2025-05-04T23:43:10.886+03:00  INFO 22384 --- [mall-service] [           main] o.h.c.internal.RegionFactoryInitiator    : HHH000026: Second-level cache disabled
2025-05-04T23:43:10.891+03:00  INFO 22384 --- [mall-service] [           main] o.s.o.j.p.SpringPersistenceUnitInfo      : No LoadTimeWeaver setup: ignoring JPA class transformer
2025-05-04T23:43:10.893+03:00  INFO 22384 --- [mall-service] [           main] com.zaxxer.hikari.HikariDataSource       : HikariPool-5 - Starting...
2025-05-04T23:43:10.909+03:00  INFO 22384 --- [mall-service] [           main] com.zaxxer.hikari.pool.HikariPool        : HikariPool-5 - Added connection org.postgresql.jdbc.PgConnection@605bbd31
2025-05-04T23:43:10.910+03:00  INFO 22384 --- [mall-service] [           main] com.zaxxer.hikari.HikariDataSource       : HikariPool-5 - Start completed.
2025-05-04T23:43:10.914+03:00  WARN 22384 --- [mall-service] [           main] org.hibernate.orm.deprecation            : HHH90000025: PostgreSQLDialect does not need to be specified explicitly using 'hibernate.dialect' (remove the property setting and it will be selected by default)
2025-05-04T23:43:10.963+03:00  INFO 22384 --- [mall-service] [           main] o.h.e.t.j.p.i.JtaPlatformInitiator       : HHH000489: No JTA platform available (set 'hibernate.transaction.jta.platform' to enable JTA platform integration)
2025-05-04T23:43:10.985+03:00  INFO 22384 --- [mall-service] [           main] j.LocalContainerEntityManagerFactoryBean : Initialized JPA EntityManagerFactory for persistence unit 'default'
2025-05-04T23:43:11.067+03:00  WARN 22384 --- [mall-service] [           main] JpaBaseConfiguration$JpaWebConfiguration : spring.jpa.open-in-view is enabled by default. Therefore, database queries may be performed during view rendering. Explicitly configure spring.jpa.open-in-view to disable this warning
2025-05-04T23:43:11.133+03:00  WARN 22384 --- [mall-service] [           main] .s.s.UserDetailsServiceAutoConfiguration : 

Using generated security password: 8c31f383-dc15-4feb-924a-91fa8421ab31

This generated password is for development use only. Your security configuration must be updated before running your application in production.

2025-05-04T23:43:11.235+03:00 DEBUG 22384 --- [mall-service] [           main] s.w.s.m.m.a.RequestMappingHandlerMapping : 11 mappings in 'requestMappingHandlerMapping'
2025-05-04T23:43:11.301+03:00 DEBUG 22384 --- [mall-service] [           main] o.s.w.s.handler.SimpleUrlHandlerMapping  : Patterns [/webjars/**, /**, /swagger-ui*/*swagger-initializer.js, /swagger-ui*/**] in 'resourceHandlerMapping'
2025-05-04T23:43:11.468+03:00  INFO 22384 --- [mall-service] [           main] o.s.b.a.e.web.EndpointLinksResolver      : Exposing 5 endpoint(s) beneath base path '/actuator'
2025-05-04T23:43:11.493+03:00  INFO 22384 --- [mall-service] [           main] o.s.s.web.DefaultSecurityFilterChain     : Will secure any request with [org.springframework.security.web.session.DisableEncodeUrlFilter@53aa86b7, org.springframework.security.web.context.request.async.WebAsyncManagerIntegrationFilter@3c7ca576, org.springframework.security.web.context.SecurityContextHolderFilter@13757e8, org.springframework.security.web.header.HeaderWriterFilter@329aaf26, org.springframework.web.filter.CorsFilter@532f4545, org.springframework.security.web.authentication.logout.LogoutFilter@3164eaa8, org.springframework.security.web.savedrequest.RequestCacheAwareFilter@30dad9b9, org.springframework.security.web.servletapi.SecurityContextHolderAwareRequestFilter@617335ea, org.springframework.security.web.authentication.AnonymousAuthenticationFilter@5b0d4f1f, org.springframework.security.web.session.SessionManagementFilter@c94b341, org.springframework.security.web.access.ExceptionTranslationFilter@2baa48e3, org.springframework.security.web.access.intercept.AuthorizationFilter@a3ca0b4]
2025-05-04T23:43:11.604+03:00 DEBUG 22384 --- [mall-service] [           main] s.w.s.m.m.a.RequestMappingHandlerAdapter : ControllerAdvice beans: 0 @ModelAttribute, 0 @InitBinder, 1 RequestBodyAdvice, 1 ResponseBodyAdvice
2025-05-04T23:43:11.616+03:00 DEBUG 22384 --- [mall-service] [           main] .m.m.a.ExceptionHandlerExceptionResolver : ControllerAdvice beans: 2 @ExceptionHandler, 1 ResponseBodyAdvice
2025-05-04T23:43:11.851+03:00 DEBUG 22384 --- [mall-service] [           main] o.s.w.f.ServerHttpObservationFilter      : Filter 'webMvcObservationFilter' configured for use
2025-05-04T23:43:11.851+03:00  INFO 22384 --- [mall-service] [           main] o.s.b.t.m.w.SpringBootMockServletContext : Initializing Spring TestDispatcherServlet ''
2025-05-04T23:43:11.851+03:00  INFO 22384 --- [mall-service] [           main] o.s.t.web.servlet.TestDispatcherServlet  : Initializing Servlet ''
2025-05-04T23:43:11.852+03:00  INFO 22384 --- [mall-service] [           main] o.s.t.web.servlet.TestDispatcherServlet  : Completed initialization in 1 ms
2025-05-04T23:43:11.871+03:00  INFO 22384 --- [mall-service] [           main] DiscoveryClientOptionalArgsConfiguration : Eureka HTTP Client uses RestTemplate.
2025-05-04T23:43:11.917+03:00  WARN 22384 --- [mall-service] [           main] iguration$LoadBalancerCaffeineWarnLogger : Spring Cloud LoadBalancer is currently working with the default cache. While this cache implementation is useful for development and tests, it's recommended to use Caffeine cache in production.You can switch to using Caffeine cache, by adding it and org.springframework.cache.caffeine.CaffeineCacheManager to the classpath.
2025-05-04T23:43:11.944+03:00  INFO 22384 --- [mall-service] [           main] c.a.m.c.MallControllerIntegrationTest    : Started MallControllerIntegrationTest in 3.761 seconds (process running for 45.157)
2025-05-04T23:43:11.968+03:00 DEBUG 22384 --- [mall-service] [           main] o.s.security.web.FilterChainProxy        : Securing GET /malls/1
2025-05-04T23:43:11.969+03:00 DEBUG 22384 --- [mall-service] [           main] o.s.s.w.a.AnonymousAuthenticationFilter  : Set SecurityContextHolder to anonymous SecurityContext
2025-05-04T23:43:11.970+03:00 DEBUG 22384 --- [mall-service] [           main] o.s.security.web.FilterChainProxy        : Secured GET /malls/1
2025-05-04T23:43:11.970+03:00 DEBUG 22384 --- [mall-service] [           main] s.w.s.m.m.a.RequestMappingHandlerMapping : Mapped to com.avmerkez.mallservice.controller.MallController#getMallById(Long)
2025-05-04T23:43:11.977+03:00 DEBUG 22384 --- [mall-service] [           main] o.s.w.s.m.m.a.HttpEntityMethodProcessor  : Using 'application/json', given [*/*] and supported [application/json, application/*+json]
2025-05-04T23:43:11.977+03:00 DEBUG 22384 --- [mall-service] [           main] o.s.w.s.m.m.a.HttpEntityMethodProcessor  : Writing [MallDto(id=1, name=Test Mall, city=Test City, district=Test District)]
2025-05-04T23:43:11.982+03:00 DEBUG 22384 --- [mall-service] [           main] o.s.w.c.s.GenericWebApplicationContext   : Closing org.springframework.web.context.support.GenericWebApplicationContext@4f453c84, started on Sun May 04 23:43:10 GMT+03:00 2025, parent: org.springframework.context.annotation.AnnotationConfigApplicationContext@1f420cc9
2025-05-04T23:43:11.984+03:00  INFO 22384 --- [mall-service] [           main] o.s.c.n.eureka.InstanceInfoFactory       : Setting initial instance status as: STARTING
2025-05-04T23:43:11.985+03:00  INFO 22384 --- [mall-service] [           main] o.s.c.n.e.s.EurekaServiceRegistry        : Unregistering application MALL-SERVICE with eureka with status DOWN
2025-05-04T23:43:11.987+03:00  INFO 22384 --- [mall-service] [           main] j.LocalContainerEntityManagerFactoryBean : Closing JPA EntityManagerFactory for persistence unit 'default'
2025-05-04T23:43:11.988+03:00  INFO 22384 --- [mall-service] [           main] com.zaxxer.hikari.HikariDataSource       : HikariPool-5 - Shutdown initiated...
2025-05-04T23:43:11.998+03:00  INFO 22384 --- [mall-service] [           main] com.zaxxer.hikari.HikariDataSource       : HikariPool-5 - Shutdown completed.
]]></system-out>
  </testcase>
  <testcase name="createMall_ShouldReturnCreatedMall_WhenRequestIsValid" classname="com.avmerkez.mallservice.controller.MallControllerIntegrationTest" time="0.048">
    <system-out><![CDATA[2025-05-04T23:43:12.676+03:00  INFO 22384 --- [mall-service] [           main] o.s.c.c.c.ConfigServerConfigDataLoader   : Fetching config from server at : http://localhost:8888
2025-05-04T23:43:12.676+03:00  INFO 22384 --- [mall-service] [           main] o.s.c.c.c.ConfigServerConfigDataLoader   : Located environment: name=mall-service, profiles=[default], label=main, version=384f78c7757a7e57a911883393397e4aa6ddc88c, state=null

  .   ____          _            __ _ _
 /\\ / ___'_ __ _ _(_)_ __  __ _ \ \ \ \
( ( )\___ | '_ | '_| | '_ \/ _` | \ \ \ \
 \\/  ___)| |_)| | | | | || (_| |  ) ) ) )
  '  |____| .__|_| |_|_| |_\__, | / / / /
 =========|_|==============|___/=/_/_/_/
 :: Spring Boot ::                (v3.2.5)

2025-05-04T23:43:13.317+03:00  INFO 22384 --- [mall-service] [           main] c.c.c.ConfigServicePropertySourceLocator : Fetching config from server at : http://localhost:8888
2025-05-04T23:43:13.317+03:00 DEBUG 22384 --- [mall-service] [           main] o.s.web.client.RestTemplate              : HTTP GET http://localhost:8888/mall-service/default/main
2025-05-04T23:43:13.319+03:00 DEBUG 22384 --- [mall-service] [           main] o.s.web.client.RestTemplate              : Accept=[application/json, application/*+json]
2025-05-04T23:43:13.889+03:00 DEBUG 22384 --- [mall-service] [           main] o.s.web.client.RestTemplate              : Response 200 OK
2025-05-04T23:43:13.889+03:00 DEBUG 22384 --- [mall-service] [           main] o.s.web.client.RestTemplate              : Reading to [org.springframework.cloud.config.environment.Environment]
2025-05-04T23:43:13.890+03:00  INFO 22384 --- [mall-service] [           main] c.c.c.ConfigServicePropertySourceLocator : Located environment: name=mall-service, profiles=[default], label=main, version=384f78c7757a7e57a911883393397e4aa6ddc88c, state=null
2025-05-04T23:43:13.890+03:00  INFO 22384 --- [mall-service] [           main] b.c.PropertySourceBootstrapConfiguration : Located property source: [BootstrapPropertySource {name='bootstrapProperties-configClient'}, BootstrapPropertySource {name='bootstrapProperties-https://github.com/kcguran/avmerkez-config-repo.git/mall-service.yml'}, BootstrapPropertySource {name='bootstrapProperties-https://github.com/kcguran/avmerkez-config-repo.git/application.yml'}]
2025-05-04T23:43:13.898+03:00  INFO 22384 --- [mall-service] [           main] c.a.m.c.MallControllerIntegrationTest    : No active profile set, falling back to 1 default profile: "default"
2025-05-04T23:43:13.900+03:00  INFO 22384 --- [mall-service] [           main] o.s.c.c.c.ConfigServerConfigDataLoader   : Fetching config from server at : http://localhost:8888
2025-05-04T23:43:13.900+03:00  INFO 22384 --- [mall-service] [           main] o.s.c.c.c.ConfigServerConfigDataLoader   : Located environment: name=mall-service, profiles=[default], label=main, version=384f78c7757a7e57a911883393397e4aa6ddc88c, state=null
[...]
2025-05-04T23:43:23.782+03:00 DEBUG 22384 --- [mall-service] [           main] s.w.s.m.m.a.RequestMappingHandlerAdapter : ControllerAdvice beans: 0 @ModelAttribute, 0 @InitBinder, 1 RequestBodyAdvice, 1 ResponseBodyAdvice
2025-05-04T23:43:23.791+03:00 DEBUG 22384 --- [mall-service] [           main] .m.m.a.ExceptionHandlerExceptionResolver : ControllerAdvice beans: 2 @ExceptionHandler, 1 ResponseBodyAdvice
2025-05-04T23:43:24.194+03:00 DEBUG 22384 --- [mall-service] [           main] o.s.w.f.ServerHttpObservationFilter      : Filter 'webMvcObservationFilter' configured for use
2025-05-04T23:43:24.195+03:00  INFO 22384 --- [mall-service] [           main] o.s.b.t.m.w.SpringBootMockServletContext : Initializing Spring TestDispatcherServlet ''
2025-05-04T23:43:24.195+03:00  INFO 22384 --- [mall-service] [           main] o.s.t.web.servlet.TestDispatcherServlet  : Initializing Servlet ''
2025-05-04T23:43:24.197+03:00  INFO 22384 --- [mall-service] [           main] o.s.t.web.servlet.TestDispatcherServlet  : Completed initialization in 2 ms
2025-05-04T23:43:24.240+03:00  INFO 22384 --- [mall-service] [           main] DiscoveryClientOptionalArgsConfiguration : Eureka HTTP Client uses RestTemplate.
2025-05-04T23:43:24.326+03:00  WARN 22384 --- [mall-service] [           main] iguration$LoadBalancerCaffeineWarnLogger : Spring Cloud LoadBalancer is currently working with the default cache. While this cache implementation is useful for development and tests, it's recommended to use Caffeine cache in production.You can switch to using Caffeine cache, by adding it and org.springframework.cache.caffeine.CaffeineCacheManager to the classpath.
2025-05-04T23:43:24.374+03:00  INFO 22384 --- [mall-service] [           main] c.a.m.c.MallControllerIntegrationTest    : Started MallControllerIntegrationTest in 4.053 seconds (process running for 57.587)
2025-05-04T23:43:24.403+03:00 DEBUG 22384 --- [mall-service] [           main] o.s.security.web.FilterChainProxy        : Securing PUT /malls/1
2025-05-04T23:43:24.407+03:00 DEBUG 22384 --- [mall-service] [           main] o.s.s.w.a.AnonymousAuthenticationFilter  : Set SecurityContextHolder to anonymous SecurityContext
2025-05-04T23:43:24.409+03:00 DEBUG 22384 --- [mall-service] [           main] o.s.security.web.FilterChainProxy        : Secured PUT /malls/1
2025-05-04T23:43:24.413+03:00 DEBUG 22384 --- [mall-service] [           main] s.w.s.m.m.a.RequestMappingHandlerMapping : Mapped to com.avmerkez.mallservice.controller.MallController#updateMall(Long, UpdateMallRequest)
2025-05-04T23:43:24.428+03:00 DEBUG 22384 --- [mall-service] [           main] m.m.a.RequestResponseBodyMethodProcessor : Read "application/json;charset=UTF-8" to [UpdateMallRequest(name=Updated Mall, address=Updated Address, city=Updated City, district=Updated Di (truncated)...]
2025-05-04T23:43:24.441+03:00 DEBUG 22384 --- [mall-service] [           main] o.s.w.s.m.m.a.HttpEntityMethodProcessor  : Using 'application/json', given [*/*] and supported [application/json, application/*+json]
2025-05-04T23:43:24.441+03:00 DEBUG 22384 --- [mall-service] [           main] o.s.w.s.m.m.a.HttpEntityMethodProcessor  : Writing [MallDto(id=1, name=Updated Mall, city=Updated City, district=Updated District)]
2025-05-04T23:43:24.451+03:00 DEBUG 22384 --- [mall-service] [           main] o.s.w.c.s.GenericWebApplicationContext   : Closing org.springframework.web.context.support.GenericWebApplicationContext@4d69e42d, started on Sun May 04 23:43:22 GMT+03:00 2025, parent: org.springframework.context.annotation.AnnotationConfigApplicationContext@4b2e7daa
2025-05-04T23:43:24.452+03:00  INFO 22384 --- [mall-service] [           main] o.s.c.n.eureka.InstanceInfoFactory       : Setting initial instance status as: STARTING
2025-05-04T23:43:24.454+03:00  INFO 22384 --- [mall-service] [           main] o.s.c.n.e.s.EurekaServiceRegistry        : Unregistering application MALL-SERVICE with eureka with status DOWN
2025-05-04T23:43:24.462+03:00  INFO 22384 --- [mall-service] [           main] j.LocalContainerEntityManagerFactoryBean : Closing JPA EntityManagerFactory for persistence unit 'default'
2025-05-04T23:43:24.464+03:00  INFO 22384 --- [mall-service] [           main] com.zaxxer.hikari.HikariDataSource       : HikariPool-8 - Shutdown initiated...
2025-05-04T23:43:24.471+03:00  INFO 22384 --- [mall-service] [           main] com.zaxxer.hikari.HikariDataSource       : HikariPool-8 - Shutdown completed.
]]></system-out>
  </testcase>
  <testcase name="deleteMall_ShouldReturnNotFound_WhenIdDoesNotExist" classname="com.avmerkez.mallservice.controller.MallControllerIntegrationTest" time="0.135">
    <system-out><![CDATA[2025-05-04T23:43:25.205+03:00  INFO 22384 --- [mall-service] [           main] o.s.c.c.c.ConfigServerConfigDataLoader   : Fetching config from server at : http://localhost:8888
2025-05-04T23:43:25.205+03:00  INFO 22384 --- [mall-service] [           main] o.s.c.c.c.ConfigServerConfigDataLoader   : Located environment: name=mall-service, profiles=[default], label=main, version=384f78c7757a7e57a911883393397e4aa6ddc88c, state=null

  .   ____          _            __ _ _
 /\\ / ___'_ __ _ _(_)_ __  __ _ \ \ \ \
( ( )\___ | '_ | '_| | '_ \/ _` | \ \ \ \
 \\/  ___)| |_)| | | | | || (_| |  ) ) ) )
  '  |____| .__|_| |_|_| |_\__, | / / / /
 =========|_|==============|___/=/_/_/_/
 :: Spring Boot ::                (v3.2.5)

2025-05-04T23:43:25.826+03:00  INFO 22384 --- [mall-service] [           main] c.c.c.ConfigServicePropertySourceLocator : Fetching config from server at : http://localhost:8888
2025-05-04T23:43:25.826+03:00 DEBUG 22384 --- [mall-service] [           main] o.s.web.client.RestTemplate              : HTTP GET http://localhost:8888/mall-service/default/main
2025-05-04T23:43:25.828+03:00 DEBUG 22384 --- [mall-service] [           main] o.s.web.client.RestTemplate              : Accept=[application/json, application/*+json]
2025-05-04T23:43:26.399+03:00 DEBUG 22384 --- [mall-service] [           main] o.s.web.client.RestTemplate              : Response 200 OK
2025-05-04T23:43:26.399+03:00 DEBUG 22384 --- [mall-service] [           main] o.s.web.client.RestTemplate              : Reading to [org.springframework.cloud.config.environment.Environment]
2025-05-04T23:43:26.400+03:00  INFO 22384 --- [mall-service] [           main] c.c.c.ConfigServicePropertySourceLocator : Located environment: name=mall-service, profiles=[default], label=main, version=384f78c7757a7e57a911883393397e4aa6ddc88c, state=null
2025-05-04T23:43:26.400+03:00  INFO 22384 --- [mall-service] [           main] b.c.PropertySourceBootstrapConfiguration : Located property source: [BootstrapPropertySource {name='bootstrapProperties-configClient'}, BootstrapPropertySource {name='bootstrapProperties-https://github.com/kcguran/avmerkez-config-repo.git/mall-service.yml'}, BootstrapPropertySource {name='bootstrapProperties-https://github.com/kcguran/avmerkez-config-repo.git/application.yml'}]
2025-05-04T23:43:26.407+03:00  INFO 22384 --- [mall-service] [           main] c.a.m.c.MallControllerIntegrationTest    : No active profile set, falling back to 1 default profile: "default"
2025-05-04T23:43:26.408+03:00  INFO 22384 --- [mall-service] [           main] o.s.c.c.c.ConfigServerConfigDataLoader   : Fetching config from server at : http://localhost:8888
2025-05-04T23:43:26.408+03:00  INFO 22384 --- [mall-service] [           main] o.s.c.c.c.ConfigServerConfigDataLoader   : Located environment: name=mall-service, profiles=[default], label=main, version=384f78c7757a7e57a911883393397e4aa6ddc88c, state=null
2025-05-04T23:43:26.408+03:00 DEBUG 22384 --- [mall-service] [           main] o.s.w.c.s.GenericWebApplicationContext   : Refreshing org.springframework.web.context.support.GenericWebApplicationContext@5b43ff74
2025-05-04T23:43:26.682+03:00  INFO 22384 --- [mall-service] [           main] .s.d.r.c.RepositoryConfigurationDelegate : Bootstrapping Spring Data JPA repositories in DEFAULT mode.
2025-05-04T23:43:26.699+03:00  INFO 22384 --- [mall-service] [           main] .s.d.r.c.RepositoryConfigurationDelegate : Finished Spring Data repository scanning in 16 ms. Found 1 JPA repository interface.
2025-05-04T23:43:26.778+03:00  INFO 22384 --- [mall-service] [           main] o.s.cloud.context.scope.GenericScope     : BeanFactory id=1e136faa-8b43-33c6-bdfb-c464e3eb48bb
2025-05-04T23:43:26.810+03:00  WARN 22384 --- [mall-service] [           main] trationDelegate$BeanPostProcessorChecker : Bean 'org.springframework.cloud.client.loadbalancer.LoadBalancerAutoConfiguration$DeferringLoadBalancerInterceptorConfig' of type [org.springframework.cloud.client.loadbalancer.LoadBalancerAutoConfiguration$DeferringLoadBalancerInterceptorConfig] is not eligible for getting processed by all BeanPostProcessors (for example: not eligible for auto-proxying). The currently created BeanPostProcessor [lbRestClientPostProcessor] is declared through a non-static factory method on that class; consider declaring it as static instead.
2025-05-04T23:43:26.811+03:00  WARN 22384 --- [mall-service] [           main] trationDelegate$BeanPostProcessorChecker : Bean 'deferringLoadBalancerInterceptor' of type [org.springframework.cloud.client.loadbalancer.DeferringLoadBalancerInterceptor] is not eligible for getting processed by all BeanPostProcessors (for example: not eligible for auto-proxying). Is this bean getting eagerly injected into a currently created BeanPostProcessor [lbRestClientPostProcessor]? Check the corresponding BeanPostProcessor declaration and its dependencies.
2025-05-04T23:43:26.923+03:00  INFO 22384 --- [mall-service] [           main] org.flywaydb.core.FlywayExecutor         : Database: jdbc:postgresql://localhost:63806/testdb (PostgreSQL 15.12)
2025-05-04T23:43:26.946+03:00  INFO 22384 --- [mall-service] [           main] o.f.core.internal.command.DbValidate     : Successfully validated 1 migration (execution time 00:00.010s)
2025-05-04T23:43:26.978+03:00  INFO 22384 --- [mall-service] [           main] o.f.core.internal.command.DbMigrate      : Current version of schema "public": 1
2025-05-04T23:43:26.979+03:00  INFO 22384 --- [mall-service] [           main] o.f.core.internal.command.DbMigrate      : Schema "public" is up to date. No migration necessary.
2025-05-04T23:43:27.018+03:00  INFO 22384 --- [mall-service] [           main] o.hibernate.jpa.internal.util.LogHelper  : HHH000204: Processing PersistenceUnitInfo [name: default]
2025-05-04T23:43:27.021+03:00  INFO 22384 --- [mall-service] [           main] o.h.c.internal.RegionFactoryInitiator    : HHH000026: Second-level cache disabled
2025-05-04T23:43:27.026+03:00  INFO 22384 --- [mall-service] [           main] o.s.o.j.p.SpringPersistenceUnitInfo      : No LoadTimeWeaver setup: ignoring JPA class transformer
2025-05-04T23:43:27.028+03:00  INFO 22384 --- [mall-service] [           main] com.zaxxer.hikari.HikariDataSource       : HikariPool-9 - Starting...
2025-05-04T23:43:27.051+03:00  INFO 22384 --- [mall-service] [           main] com.zaxxer.hikari.pool.HikariPool        : HikariPool-9 - Added connection org.postgresql.jdbc.PgConnection@2833ab19
2025-05-04T23:43:27.051+03:00  INFO 22384 --- [mall-service] [           main] com.zaxxer.hikari.HikariDataSource       : HikariPool-9 - Start completed.
2025-05-04T23:43:27.055+03:00  WARN 22384 --- [mall-service] [           main] org.hibernate.orm.deprecation            : HHH90000025: PostgreSQLDialect does not need to be specified explicitly using 'hibernate.dialect' (remove the property setting and it will be selected by default)
2025-05-04T23:43:27.101+03:00  INFO 22384 --- [mall-service] [           main] o.h.e.t.j.p.i.JtaPlatformInitiator       : HHH000489: No JTA platform available (set 'hibernate.transaction.jta.platform' to enable JTA platform integration)
2025-05-04T23:43:27.127+03:00  INFO 22384 --- [mall-service] [           main] j.LocalContainerEntityManagerFactoryBean : Initialized JPA EntityManagerFactory for persistence unit 'default'
2025-05-04T23:43:27.201+03:00  WARN 22384 --- [mall-service] [           main] JpaBaseConfiguration$JpaWebConfiguration : spring.jpa.open-in-view is enabled by default. Therefore, database queries may be performed during view rendering. Explicitly configure spring.jpa.open-in-view to disable this warning
2025-05-04T23:43:27.228+03:00  WARN 22384 --- [mall-service] [           main] .s.s.UserDetailsServiceAutoConfiguration : 

Using generated security password: 5e11abe0-b380-4053-aba5-3d9f520ee533

This generated password is for development use only. Your security configuration must be updated before running your application in production.

2025-05-04T23:43:27.336+03:00 DEBUG 22384 --- [mall-service] [           main] s.w.s.m.m.a.RequestMappingHandlerMapping : 11 mappings in 'requestMappingHandlerMapping'
2025-05-04T23:43:27.420+03:00 DEBUG 22384 --- [mall-service] [           main] o.s.w.s.handler.SimpleUrlHandlerMapping  : Patterns [/webjars/**, /**, /swagger-ui*/*swagger-initializer.js, /swagger-ui*/**] in 'resourceHandlerMapping'
2025-05-04T23:43:27.621+03:00  INFO 22384 --- [mall-service] [           main] o.s.b.a.e.web.EndpointLinksResolver      : Exposing 5 endpoint(s) beneath base path '/actuator'
2025-05-04T23:43:27.655+03:00  INFO 22384 --- [mall-service] [           main] o.s.s.web.DefaultSecurityFilterChain     : Will secure any request with [org.springframework.security.web.session.DisableEncodeUrlFilter@1ac99c93, org.springframework.security.web.context.request.async.WebAsyncManagerIntegrationFilter@178792cf, org.springframework.security.web.context.SecurityContextHolderFilter@2790c751, org.springframework.security.web.header.HeaderWriterFilter@50340329, org.springframework.web.filter.CorsFilter@123c674d, org.springframework.security.web.authentication.logout.LogoutFilter@439026ea, org.springframework.security.web.savedrequest.RequestCacheAwareFilter@36259ec, org.springframework.security.web.servletapi.SecurityContextHolderAwareRequestFilter@3daa0f3f, org.springframework.security.web.authentication.AnonymousAuthenticationFilter@4739033b, org.springframework.security.web.session.SessionManagementFilter@3cafe02d, org.springframework.security.web.access.ExceptionTranslationFilter@39b7c9ea, org.springframework.security.web.access.intercept.AuthorizationFilter@5f1164b]
2025-05-04T23:43:27.764+03:00 DEBUG 22384 --- [mall-service] [           main] s.w.s.m.m.a.RequestMappingHandlerAdapter : ControllerAdvice beans: 0 @ModelAttribute, 0 @InitBinder, 1 RequestBodyAdvice, 1 ResponseBodyAdvice
2025-05-04T23:43:27.776+03:00 DEBUG 22384 --- [mall-service] [           main] .m.m.a.ExceptionHandlerExceptionResolver : ControllerAdvice beans: 2 @ExceptionHandler, 1 ResponseBodyAdvice
2025-05-04T23:43:28.208+03:00 DEBUG 22384 --- [mall-service] [           main] o.s.w.f.ServerHttpObservationFilter      : Filter 'webMvcObservationFilter' configured for use
2025-05-04T23:43:28.208+03:00  INFO 22384 --- [mall-service] [           main] o.s.b.t.m.w.SpringBootMockServletContext : Initializing Spring TestDispatcherServlet ''
2025-05-04T23:43:28.208+03:00  INFO 22384 --- [mall-service] [           main] o.s.t.web.servlet.TestDispatcherServlet  : Initializing Servlet ''
2025-05-04T23:43:28.209+03:00  INFO 22384 --- [mall-service] [           main] o.s.t.web.servlet.TestDispatcherServlet  : Completed initialization in 1 ms
2025-05-04T23:43:28.233+03:00  INFO 22384 --- [mall-service] [           main] DiscoveryClientOptionalArgsConfiguration : Eureka HTTP Client uses RestTemplate.
2025-05-04T23:43:28.334+03:00  WARN 22384 --- [mall-service] [           main] iguration$LoadBalancerCaffeineWarnLogger : Spring Cloud LoadBalancer is currently working with the default cache. While this cache implementation is useful for development and tests, it's recommended to use Caffeine cache in production.You can switch to using Caffeine cache, by adding it and org.springframework.cache.caffeine.CaffeineCacheManager to the classpath.
2025-05-04T23:43:28.410+03:00  INFO 22384 --- [mall-service] [           main] c.a.m.c.MallControllerIntegrationTest    : Started MallControllerIntegrationTest in 3.935 seconds (process running for 61.623)
2025-05-04T23:43:28.521+03:00 DEBUG 22384 --- [mall-service] [           main] o.s.security.web.FilterChainProxy        : Securing DELETE /malls/99
2025-05-04T23:43:28.522+03:00 DEBUG 22384 --- [mall-service] [           main] o.s.s.w.a.AnonymousAuthenticationFilter  : Set SecurityContextHolder to anonymous SecurityContext
2025-05-04T23:43:28.523+03:00 DEBUG 22384 --- [mall-service] [           main] o.s.security.web.FilterChainProxy        : Secured DELETE /malls/99
2025-05-04T23:43:28.523+03:00 DEBUG 22384 --- [mall-service] [           main] s.w.s.m.m.a.RequestMappingHandlerMapping : Mapped to com.avmerkez.mallservice.controller.MallController#deleteMall(Long)
2025-05-04T23:43:28.526+03:00 DEBUG 22384 --- [mall-service] [           main] .m.m.a.ExceptionHandlerExceptionResolver : Using @ExceptionHandler com.avmerkez.mallservice.exception.GlobalExceptionHandler#handleResourceNotFoundException(ResourceNotFoundException, WebRequest)
2025-05-04T23:43:28.527+03:00 DEBUG 22384 --- [mall-service] [           main] o.s.w.s.m.m.a.HttpEntityMethodProcessor  : Using 'application/json', given [*/*] and supported [application/json, application/*+json]
2025-05-04T23:43:28.527+03:00 DEBUG 22384 --- [mall-service] [           main] o.s.w.s.m.m.a.HttpEntityMethodProcessor  : Writing [{path=/malls/99, message=Mall not found with id : '99', error=Not Found, timestamp=2025-05-04T23:43: (truncated)...]
2025-05-04T23:43:28.528+03:00 DEBUG 22384 --- [mall-service] [           main] .m.m.a.ExceptionHandlerExceptionResolver : Resolved [com.avmerkez.mallservice.exception.ResourceNotFoundException: Mall not found with id : '99']
2025-05-04T23:43:28.533+03:00 DEBUG 22384 --- [mall-service] [           main] o.s.w.c.s.GenericWebApplicationContext   : Closing org.springframework.web.context.support.GenericWebApplicationContext@5b43ff74, started on Sun May 04 23:43:26 GMT+03:00 2025, parent: org.springframework.context.annotation.AnnotationConfigApplicationContext@287d438f
2025-05-04T23:43:28.534+03:00  INFO 22384 --- [mall-service] [           main] o.s.c.n.eureka.InstanceInfoFactory       : Setting initial instance status as: STARTING
2025-05-04T23:43:28.536+03:00  INFO 22384 --- [mall-service] [           main] o.s.c.n.e.s.EurekaServiceRegistry        : Unregistering application MALL-SERVICE with eureka with status DOWN
2025-05-04T23:43:28.538+03:00  INFO 22384 --- [mall-service] [           main] j.LocalContainerEntityManagerFactoryBean : Closing JPA EntityManagerFactory for persistence unit 'default'
2025-05-04T23:43:28.538+03:00  INFO 22384 --- [mall-service] [           main] com.zaxxer.hikari.HikariDataSource       : HikariPool-9 - Shutdown initiated...
2025-05-04T23:43:28.550+03:00  INFO 22384 --- [mall-service] [           main] com.zaxxer.hikari.HikariDataSource       : HikariPool-9 - Shutdown completed.
]]></system-out>
  </testcase>
</testsuite>